2022-05-19 10:03:20.994  WARN [PensionDisburesmentService,,] 23352 --- [HikariPool-1 housekeeper] com.zaxxer.hikari.pool.HikariPool        : HikariPool-1 - Thread starvation or clock leap detected (housekeeper delta=17h47m4s68ms911µs700ns).
2022-05-19 10:41:55.840  INFO [PensionDisburesmentService,,] 23352 --- [Thread-1] j.LocalContainerEntityManagerFactoryBean : Closing JPA EntityManagerFactory for persistence unit 'default'
2022-05-19 10:41:55.904  INFO [PensionDisburesmentService,,] 23352 --- [Thread-1] .SchemaDropperImpl$DelayedDropActionImpl : HHH000477: Starting delayed evictData of schema as part of SessionFactory shut-down'
2022-05-19 10:41:56.289  WARN [PensionDisburesmentService,,] 23352 --- [Thread-1] o.s.b.f.support.DisposableBeanAdapter    : Invocation of destroy method failed on bean with name 'inMemoryDatabaseShutdownExecutor': org.h2.jdbc.JdbcSQLNonTransientConnectionException: Database is already closed (to disable automatic closing at VM shutdown, add ";DB_CLOSE_ON_EXIT=FALSE" to the db URL) [90121-200]
2022-05-19 10:41:57.300  INFO [PensionDisburesmentService,,] 23352 --- [Thread-1] com.zaxxer.hikari.HikariDataSource       : HikariPool-1 - Shutdown initiated...
2022-05-19 10:41:57.336  INFO [PensionDisburesmentService,,] 23352 --- [Thread-1] com.zaxxer.hikari.HikariDataSource       : HikariPool-1 - Shutdown completed.
2022-05-19 10:42:06.906  INFO [PensionDisburesmentService,,] 23352 --- [restartedMain] nsionDisbursementMicroserviceApplication : Starting PensionDisbursementMicroserviceApplication using Java 15.0.2 on LTIN300273 with PID 23352 (C:\Users\893891\saibackend\PensionManagementSystem-master (1)\PensionManagementSystem-master\pension-disbursement-microservice\target\classes started by 893891 in C:\Users\893891\saibackend\PensionManagementSystem-master (1)\PensionManagementSystem-master\pension-disbursement-microservice)
2022-05-19 10:42:06.907  INFO [PensionDisburesmentService,,] 23352 --- [restartedMain] nsionDisbursementMicroserviceApplication : No active profile set, falling back to default profiles: default
2022-05-19 10:42:07.458  INFO [PensionDisburesmentService,,] 23352 --- [restartedMain] .s.d.r.c.RepositoryConfigurationDelegate : Bootstrapping Spring Data JPA repositories in DEFAULT mode.
2022-05-19 10:42:07.464  INFO [PensionDisburesmentService,,] 23352 --- [restartedMain] .s.d.r.c.RepositoryConfigurationDelegate : Finished Spring Data repository scanning in 4 ms. Found 0 JPA repository interfaces.
2022-05-19 10:42:07.572  INFO [PensionDisburesmentService,,] 23352 --- [restartedMain] o.s.cloud.context.scope.GenericScope     : BeanFactory id=5c3759df-218f-38ad-b0df-eaad1930406b
2022-05-19 10:42:07.746  INFO [PensionDisburesmentService,,] 23352 --- [restartedMain] o.s.b.w.embedded.tomcat.TomcatWebServer  : Tomcat initialized with port(s): 9083 (http)
2022-05-19 10:42:07.747  INFO [PensionDisburesmentService,,] 23352 --- [restartedMain] o.apache.catalina.core.StandardService   : Starting service [Tomcat]
2022-05-19 10:42:07.747  INFO [PensionDisburesmentService,,] 23352 --- [restartedMain] org.apache.catalina.core.StandardEngine  : Starting Servlet engine: [Apache Tomcat/9.0.50]
2022-05-19 10:42:07.789  INFO [PensionDisburesmentService,,] 23352 --- [restartedMain] o.a.c.c.C.[Tomcat].[localhost].[/]       : Initializing Spring embedded WebApplicationContext
2022-05-19 10:42:07.789  INFO [PensionDisburesmentService,,] 23352 --- [restartedMain] w.s.c.ServletWebServerApplicationContext : Root WebApplicationContext: initialization completed in 878 ms
2022-05-19 10:42:07.829  INFO [PensionDisburesmentService,,] 23352 --- [restartedMain] com.zaxxer.hikari.HikariDataSource       : HikariPool-3 - Starting...
2022-05-19 10:42:07.832  INFO [PensionDisburesmentService,,] 23352 --- [restartedMain] com.zaxxer.hikari.HikariDataSource       : HikariPool-3 - Start completed.
2022-05-19 10:42:07.832  INFO [PensionDisburesmentService,,] 23352 --- [restartedMain] o.s.b.a.h2.H2ConsoleAutoConfiguration    : H2 console available at '/h2-console'. Database available at 'jdbc:h2:mem:6fb6dd45-88aa-462a-b452-f851ce193cf0'
2022-05-19 10:42:08.493  WARN [PensionDisburesmentService,,] 23352 --- [restartedMain] o.s.c.s.a.z.ZipkinAutoConfiguration      : Check result of the [RestTemplateSender{http://localhost:9411/api/v2/spans}] contains an error [CheckResult{ok=false, error=org.springframework.web.client.ResourceAccessException: I/O error on POST request for "http://localhost:9411/api/v2/spans": Connect timed out; nested exception is java.net.SocketTimeoutException: Connect timed out}]
2022-05-19 10:42:08.573  INFO [PensionDisburesmentService,,] 23352 --- [restartedMain] o.hibernate.jpa.internal.util.LogHelper  : HHH000204: Processing PersistenceUnitInfo [name: default]
2022-05-19 10:42:08.578  INFO [PensionDisburesmentService,,] 23352 --- [restartedMain] org.hibernate.dialect.Dialect            : HHH000400: Using dialect: org.hibernate.dialect.H2Dialect
2022-05-19 10:42:08.588  INFO [PensionDisburesmentService,,] 23352 --- [restartedMain] o.h.e.t.j.p.i.JtaPlatformInitiator       : HHH000490: Using JtaPlatform implementation: [org.hibernate.engine.transaction.jta.platform.internal.NoJtaPlatform]
2022-05-19 10:42:08.588  INFO [PensionDisburesmentService,,] 23352 --- [restartedMain] j.LocalContainerEntityManagerFactoryBean : Initialized JPA EntityManagerFactory for persistence unit 'default'
2022-05-19 10:42:08.616  WARN [PensionDisburesmentService,,] 23352 --- [restartedMain] o.s.b.d.a.OptionalLiveReloadServer       : Unable to start LiveReload server
2022-05-19 10:42:08.690  WARN [PensionDisburesmentService,,] 23352 --- [restartedMain] JpaBaseConfiguration$JpaWebConfiguration : spring.jpa.open-in-view is enabled by default. Therefore, database queries may be performed during view rendering. Explicitly configure spring.jpa.open-in-view to disable this warning
2022-05-19 10:42:09.561  INFO [PensionDisburesmentService,,] 23352 --- [restartedMain] o.s.b.w.embedded.tomcat.TomcatWebServer  : Tomcat started on port(s): 9083 (http) with context path ''
2022-05-19 10:42:09.656  INFO [PensionDisburesmentService,,] 23352 --- [restartedMain] d.s.w.p.DocumentationPluginsBootstrapper : Context refreshed
2022-05-19 10:42:09.657  INFO [PensionDisburesmentService,,] 23352 --- [restartedMain] d.s.w.p.DocumentationPluginsBootstrapper : Found 1 custom documentation plugin(s)
2022-05-19 10:42:09.661  INFO [PensionDisburesmentService,,] 23352 --- [restartedMain] s.d.s.w.s.ApiListingReferenceScanner     : Scanning for api listing references
2022-05-19 10:42:09.690  INFO [PensionDisburesmentService,,] 23352 --- [restartedMain] nsionDisbursementMicroserviceApplication : Started PensionDisbursementMicroserviceApplication in 2.916 seconds (JVM running for 148402.667)
2022-05-19 10:42:09.693  INFO [PensionDisburesmentService,,] 23352 --- [restartedMain] .ConditionEvaluationDeltaLoggingListener : Condition evaluation unchanged
2022-05-19 10:49:16.823  INFO [PensionDisburesmentService,,] 14888 --- [restartedMain] nsionDisbursementMicroserviceApplication : Starting PensionDisbursementMicroserviceApplication using Java 15.0.2 on LTIN300273 with PID 14888 (C:\Users\893891\saibackend\PensionManagementSystem-master (1)\PensionManagementSystem-master\pension-disbursement-microservice\target\classes started by 893891 in C:\Users\893891\saibackend\PensionManagementSystem-master (1)\PensionManagementSystem-master\pension-disbursement-microservice)
2022-05-19 10:49:16.826  INFO [PensionDisburesmentService,,] 14888 --- [restartedMain] nsionDisbursementMicroserviceApplication : No active profile set, falling back to default profiles: default
2022-05-19 10:49:16.901  INFO [PensionDisburesmentService,,] 14888 --- [restartedMain] .e.DevToolsPropertyDefaultsPostProcessor : Devtools property defaults active! Set 'spring.devtools.add-properties' to 'false' to disable
2022-05-19 10:49:16.902  INFO [PensionDisburesmentService,,] 14888 --- [restartedMain] .e.DevToolsPropertyDefaultsPostProcessor : For additional web related logging consider setting the 'logging.level.web' property to 'DEBUG'
2022-05-19 10:49:18.329  INFO [PensionDisburesmentService,,] 14888 --- [restartedMain] .s.d.r.c.RepositoryConfigurationDelegate : Bootstrapping Spring Data JPA repositories in DEFAULT mode.
2022-05-19 10:49:18.351  INFO [PensionDisburesmentService,,] 14888 --- [restartedMain] .s.d.r.c.RepositoryConfigurationDelegate : Finished Spring Data repository scanning in 10 ms. Found 0 JPA repository interfaces.
2022-05-19 10:49:18.812  INFO [PensionDisburesmentService,,] 14888 --- [restartedMain] o.s.cloud.context.scope.GenericScope     : BeanFactory id=5c3759df-218f-38ad-b0df-eaad1930406b
2022-05-19 10:49:20.014  INFO [PensionDisburesmentService,,] 14888 --- [restartedMain] o.s.b.w.embedded.tomcat.TomcatWebServer  : Tomcat initialized with port(s): 9083 (http)
2022-05-19 10:49:20.033  INFO [PensionDisburesmentService,,] 14888 --- [restartedMain] o.apache.catalina.core.StandardService   : Starting service [Tomcat]
2022-05-19 10:49:20.034  INFO [PensionDisburesmentService,,] 14888 --- [restartedMain] org.apache.catalina.core.StandardEngine  : Starting Servlet engine: [Apache Tomcat/9.0.50]
2022-05-19 10:49:20.187  INFO [PensionDisburesmentService,,] 14888 --- [restartedMain] o.a.c.c.C.[Tomcat].[localhost].[/]       : Initializing Spring embedded WebApplicationContext
2022-05-19 10:49:20.187  INFO [PensionDisburesmentService,,] 14888 --- [restartedMain] w.s.c.ServletWebServerApplicationContext : Root WebApplicationContext: initialization completed in 3284 ms
2022-05-19 10:49:20.287  INFO [PensionDisburesmentService,,] 14888 --- [restartedMain] com.zaxxer.hikari.HikariDataSource       : HikariPool-1 - Starting...
2022-05-19 10:49:20.595  INFO [PensionDisburesmentService,,] 14888 --- [restartedMain] com.zaxxer.hikari.HikariDataSource       : HikariPool-1 - Start completed.
2022-05-19 10:49:20.603  INFO [PensionDisburesmentService,,] 14888 --- [restartedMain] o.s.b.a.h2.H2ConsoleAutoConfiguration    : H2 console available at '/h2-console'. Database available at 'jdbc:h2:mem:59643e72-fcec-4e79-a700-97b24c1c1b19'
2022-05-19 10:49:21.576  WARN [PensionDisburesmentService,,] 14888 --- [restartedMain] o.s.c.s.a.z.ZipkinAutoConfiguration      : Check result of the [RestTemplateSender{http://localhost:9411/api/v2/spans}] contains an error [CheckResult{ok=false, error=org.springframework.web.client.ResourceAccessException: I/O error on POST request for "http://localhost:9411/api/v2/spans": Connect timed out; nested exception is java.net.SocketTimeoutException: Connect timed out}]
2022-05-19 10:49:21.928  INFO [PensionDisburesmentService,,] 14888 --- [restartedMain] o.hibernate.jpa.internal.util.LogHelper  : HHH000204: Processing PersistenceUnitInfo [name: default]
2022-05-19 10:49:22.034  INFO [PensionDisburesmentService,,] 14888 --- [restartedMain] org.hibernate.Version                    : HHH000412: Hibernate ORM core version 5.4.32.Final
2022-05-19 10:49:22.318  INFO [PensionDisburesmentService,,] 14888 --- [restartedMain] o.hibernate.annotations.common.Version   : HCANN000001: Hibernate Commons Annotations {5.1.2.Final}
2022-05-19 10:49:22.506  INFO [PensionDisburesmentService,,] 14888 --- [restartedMain] org.hibernate.dialect.Dialect            : HHH000400: Using dialect: org.hibernate.dialect.H2Dialect
2022-05-19 10:49:22.831  INFO [PensionDisburesmentService,,] 14888 --- [restartedMain] o.h.e.t.j.p.i.JtaPlatformInitiator       : HHH000490: Using JtaPlatform implementation: [org.hibernate.engine.transaction.jta.platform.internal.NoJtaPlatform]
2022-05-19 10:49:22.841  INFO [PensionDisburesmentService,,] 14888 --- [restartedMain] j.LocalContainerEntityManagerFactoryBean : Initialized JPA EntityManagerFactory for persistence unit 'default'
2022-05-19 10:49:22.896  WARN [PensionDisburesmentService,,] 14888 --- [restartedMain] o.s.b.d.a.OptionalLiveReloadServer       : Unable to start LiveReload server
2022-05-19 10:49:23.109  WARN [PensionDisburesmentService,,] 14888 --- [restartedMain] JpaBaseConfiguration$JpaWebConfiguration : spring.jpa.open-in-view is enabled by default. Therefore, database queries may be performed during view rendering. Explicitly configure spring.jpa.open-in-view to disable this warning
2022-05-19 10:49:25.072  WARN [PensionDisburesmentService,,] 14888 --- [restartedMain] ConfigServletWebServerApplicationContext : Exception encountered during context initialization - cancelling refresh attempt: org.springframework.context.ApplicationContextException: Failed to start bean 'webServerStartStop'; nested exception is org.springframework.boot.web.server.PortInUseException: Port 9083 is already in use
2022-05-19 10:49:25.078  INFO [PensionDisburesmentService,,] 14888 --- [restartedMain] j.LocalContainerEntityManagerFactoryBean : Closing JPA EntityManagerFactory for persistence unit 'default'
2022-05-19 10:49:25.079  INFO [PensionDisburesmentService,,] 14888 --- [restartedMain] .SchemaDropperImpl$DelayedDropActionImpl : HHH000477: Starting delayed evictData of schema as part of SessionFactory shut-down'
2022-05-19 10:49:25.307  WARN [PensionDisburesmentService,,] 14888 --- [restartedMain] o.s.b.f.support.DisposableBeanAdapter    : Invocation of destroy method failed on bean with name 'inMemoryDatabaseShutdownExecutor': org.h2.jdbc.JdbcSQLNonTransientConnectionException: Database is already closed (to disable automatic closing at VM shutdown, add ";DB_CLOSE_ON_EXIT=FALSE" to the db URL) [90121-200]
2022-05-19 10:49:26.318  WARN [PensionDisburesmentService,,] 14888 --- [restartedMain] z.r.AsyncReporter$BoundedAsyncReporter   : Timed out waiting for in-flight spans to send
2022-05-19 10:49:26.319  INFO [PensionDisburesmentService,,] 14888 --- [restartedMain] com.zaxxer.hikari.HikariDataSource       : HikariPool-1 - Shutdown initiated...
2022-05-19 10:49:26.322  INFO [PensionDisburesmentService,,] 14888 --- [restartedMain] com.zaxxer.hikari.HikariDataSource       : HikariPool-1 - Shutdown completed.
2022-05-19 10:49:26.324  INFO [PensionDisburesmentService,,] 14888 --- [restartedMain] o.apache.catalina.core.StandardService   : Stopping service [Tomcat]
2022-05-19 10:49:26.341  INFO [PensionDisburesmentService,,] 14888 --- [restartedMain] ConditionEvaluationReportLoggingListener : 

Error starting ApplicationContext. To display the conditions report re-run your application with 'debug' enabled.
2022-05-19 10:49:26.361 ERROR [PensionDisburesmentService,,] 14888 --- [restartedMain] o.s.b.d.LoggingFailureAnalysisReporter   : 

***************************
APPLICATION FAILED TO START
***************************

Description:

Web server failed to start. Port 9083 was already in use.

Action:

Identify and stop the process that's listening on port 9083 or configure this application to listen on another port.

2022-05-19 10:49:48.719  INFO [PensionDisburesmentService,,] 17916 --- [restartedMain] nsionDisbursementMicroserviceApplication : Starting PensionDisbursementMicroserviceApplication using Java 15.0.2 on LTIN300273 with PID 17916 (C:\Users\893891\saibackend\PensionManagementSystem-master (1)\PensionManagementSystem-master\pension-disbursement-microservice\target\classes started by 893891 in C:\Users\893891\saibackend\PensionManagementSystem-master (1)\PensionManagementSystem-master\pension-disbursement-microservice)
2022-05-19 10:49:48.722  INFO [PensionDisburesmentService,,] 17916 --- [restartedMain] nsionDisbursementMicroserviceApplication : No active profile set, falling back to default profiles: default
2022-05-19 10:49:48.804  INFO [PensionDisburesmentService,,] 17916 --- [restartedMain] .e.DevToolsPropertyDefaultsPostProcessor : Devtools property defaults active! Set 'spring.devtools.add-properties' to 'false' to disable
2022-05-19 10:49:48.805  INFO [PensionDisburesmentService,,] 17916 --- [restartedMain] .e.DevToolsPropertyDefaultsPostProcessor : For additional web related logging consider setting the 'logging.level.web' property to 'DEBUG'
2022-05-19 10:49:50.183  INFO [PensionDisburesmentService,,] 17916 --- [restartedMain] .s.d.r.c.RepositoryConfigurationDelegate : Bootstrapping Spring Data JPA repositories in DEFAULT mode.
2022-05-19 10:49:50.209  INFO [PensionDisburesmentService,,] 17916 --- [restartedMain] .s.d.r.c.RepositoryConfigurationDelegate : Finished Spring Data repository scanning in 14 ms. Found 0 JPA repository interfaces.
2022-05-19 10:49:50.691  INFO [PensionDisburesmentService,,] 17916 --- [restartedMain] o.s.cloud.context.scope.GenericScope     : BeanFactory id=5c3759df-218f-38ad-b0df-eaad1930406b
2022-05-19 10:49:51.954  INFO [PensionDisburesmentService,,] 17916 --- [restartedMain] o.s.b.w.embedded.tomcat.TomcatWebServer  : Tomcat initialized with port(s): 9083 (http)
2022-05-19 10:49:51.974  INFO [PensionDisburesmentService,,] 17916 --- [restartedMain] o.apache.catalina.core.StandardService   : Starting service [Tomcat]
2022-05-19 10:49:51.974  INFO [PensionDisburesmentService,,] 17916 --- [restartedMain] org.apache.catalina.core.StandardEngine  : Starting Servlet engine: [Apache Tomcat/9.0.50]
2022-05-19 10:49:52.116  INFO [PensionDisburesmentService,,] 17916 --- [restartedMain] o.a.c.c.C.[Tomcat].[localhost].[/]       : Initializing Spring embedded WebApplicationContext
2022-05-19 10:49:52.117  INFO [PensionDisburesmentService,,] 17916 --- [restartedMain] w.s.c.ServletWebServerApplicationContext : Root WebApplicationContext: initialization completed in 3311 ms
2022-05-19 10:49:52.216  INFO [PensionDisburesmentService,,] 17916 --- [restartedMain] com.zaxxer.hikari.HikariDataSource       : HikariPool-1 - Starting...
2022-05-19 10:49:52.487  INFO [PensionDisburesmentService,,] 17916 --- [restartedMain] com.zaxxer.hikari.HikariDataSource       : HikariPool-1 - Start completed.
2022-05-19 10:49:52.497  INFO [PensionDisburesmentService,,] 17916 --- [restartedMain] o.s.b.a.h2.H2ConsoleAutoConfiguration    : H2 console available at '/h2-console'. Database available at 'jdbc:h2:mem:e4793b6b-c9fa-427b-9c1a-fe586c2c3ffa'
2022-05-19 10:49:53.483  WARN [PensionDisburesmentService,,] 17916 --- [restartedMain] o.s.c.s.a.z.ZipkinAutoConfiguration      : Check result of the [RestTemplateSender{http://localhost:9411/api/v2/spans}] contains an error [CheckResult{ok=false, error=org.springframework.web.client.ResourceAccessException: I/O error on POST request for "http://localhost:9411/api/v2/spans": Connect timed out; nested exception is java.net.SocketTimeoutException: Connect timed out}]
2022-05-19 10:49:53.820  INFO [PensionDisburesmentService,,] 17916 --- [restartedMain] o.hibernate.jpa.internal.util.LogHelper  : HHH000204: Processing PersistenceUnitInfo [name: default]
2022-05-19 10:49:53.889  INFO [PensionDisburesmentService,,] 17916 --- [restartedMain] org.hibernate.Version                    : HHH000412: Hibernate ORM core version 5.4.32.Final
2022-05-19 10:49:54.078  INFO [PensionDisburesmentService,,] 17916 --- [restartedMain] o.hibernate.annotations.common.Version   : HCANN000001: Hibernate Commons Annotations {5.1.2.Final}
2022-05-19 10:49:54.246  INFO [PensionDisburesmentService,,] 17916 --- [restartedMain] org.hibernate.dialect.Dialect            : HHH000400: Using dialect: org.hibernate.dialect.H2Dialect
2022-05-19 10:49:54.555  INFO [PensionDisburesmentService,,] 17916 --- [restartedMain] o.h.e.t.j.p.i.JtaPlatformInitiator       : HHH000490: Using JtaPlatform implementation: [org.hibernate.engine.transaction.jta.platform.internal.NoJtaPlatform]
2022-05-19 10:49:54.568  INFO [PensionDisburesmentService,,] 17916 --- [restartedMain] j.LocalContainerEntityManagerFactoryBean : Initialized JPA EntityManagerFactory for persistence unit 'default'
2022-05-19 10:49:54.633  INFO [PensionDisburesmentService,,] 17916 --- [restartedMain] o.s.b.d.a.OptionalLiveReloadServer       : LiveReload server is running on port 35729
2022-05-19 10:49:54.833  WARN [PensionDisburesmentService,,] 17916 --- [restartedMain] JpaBaseConfiguration$JpaWebConfiguration : spring.jpa.open-in-view is enabled by default. Therefore, database queries may be performed during view rendering. Explicitly configure spring.jpa.open-in-view to disable this warning
2022-05-19 10:49:56.800  INFO [PensionDisburesmentService,,] 17916 --- [restartedMain] o.s.b.w.embedded.tomcat.TomcatWebServer  : Tomcat started on port(s): 9083 (http) with context path ''
2022-05-19 10:49:56.889  INFO [PensionDisburesmentService,,] 17916 --- [restartedMain] d.s.w.p.DocumentationPluginsBootstrapper : Context refreshed
2022-05-19 10:49:56.916  INFO [PensionDisburesmentService,,] 17916 --- [restartedMain] d.s.w.p.DocumentationPluginsBootstrapper : Found 1 custom documentation plugin(s)
2022-05-19 10:49:56.929  INFO [PensionDisburesmentService,,] 17916 --- [restartedMain] s.d.s.w.s.ApiListingReferenceScanner     : Scanning for api listing references
2022-05-19 10:49:57.096  INFO [PensionDisburesmentService,,] 17916 --- [restartedMain] nsionDisbursementMicroserviceApplication : Started PensionDisbursementMicroserviceApplication in 8.982 seconds (JVM running for 9.853)
2022-05-19 15:00:05.613  WARN [PensionDisburesmentService,,] 17916 --- [HikariPool-1 housekeeper] com.zaxxer.hikari.pool.HikariPool        : HikariPool-1 - Thread starvation or clock leap detected (housekeeper delta=1h36m10s563ms99µs200ns).
2022-05-19 17:58:06.244  WARN [PensionDisburesmentService,,] 17916 --- [HikariPool-1 housekeeper] com.zaxxer.hikari.pool.HikariPool        : HikariPool-1 - Thread starvation or clock leap detected (housekeeper delta=43m58s422ms639µs400ns).
2022-05-19 18:50:08.139  WARN [PensionDisburesmentService,,] 17916 --- [HikariPool-1 housekeeper] com.zaxxer.hikari.pool.HikariPool        : HikariPool-1 - Thread starvation or clock leap detected (housekeeper delta=51m31s856ms478µs800ns).
2022-05-19 18:57:52.825  INFO [PensionDisburesmentService,,] 10132 --- [restartedMain] nsionDisbursementMicroserviceApplication : Starting PensionDisbursementMicroserviceApplication using Java 15.0.2 on LTIN300273 with PID 10132 (C:\Users\893891\saibackend\PensionManagementSystem-master (1)\PensionManagementSystem-master\pension-disbursement-microservice\target\classes started by 893891 in C:\Users\893891\saibackend\PensionManagementSystem-master (1)\PensionManagementSystem-master\pension-disbursement-microservice)
2022-05-19 18:57:52.832  INFO [PensionDisburesmentService,,] 10132 --- [restartedMain] nsionDisbursementMicroserviceApplication : No active profile set, falling back to default profiles: default
2022-05-19 18:57:52.943  INFO [PensionDisburesmentService,,] 10132 --- [restartedMain] .e.DevToolsPropertyDefaultsPostProcessor : Devtools property defaults active! Set 'spring.devtools.add-properties' to 'false' to disable
2022-05-19 18:57:52.943  INFO [PensionDisburesmentService,,] 10132 --- [restartedMain] .e.DevToolsPropertyDefaultsPostProcessor : For additional web related logging consider setting the 'logging.level.web' property to 'DEBUG'
2022-05-19 18:57:54.821  INFO [PensionDisburesmentService,,] 10132 --- [restartedMain] .s.d.r.c.RepositoryConfigurationDelegate : Bootstrapping Spring Data JPA repositories in DEFAULT mode.
2022-05-19 18:57:54.847  INFO [PensionDisburesmentService,,] 10132 --- [restartedMain] .s.d.r.c.RepositoryConfigurationDelegate : Finished Spring Data repository scanning in 13 ms. Found 0 JPA repository interfaces.
2022-05-19 18:57:55.342  INFO [PensionDisburesmentService,,] 10132 --- [restartedMain] o.s.cloud.context.scope.GenericScope     : BeanFactory id=5c3759df-218f-38ad-b0df-eaad1930406b
2022-05-19 18:57:56.616  INFO [PensionDisburesmentService,,] 10132 --- [restartedMain] o.s.b.w.embedded.tomcat.TomcatWebServer  : Tomcat initialized with port(s): 9083 (http)
2022-05-19 18:57:56.631  INFO [PensionDisburesmentService,,] 10132 --- [restartedMain] o.apache.catalina.core.StandardService   : Starting service [Tomcat]
2022-05-19 18:57:56.631  INFO [PensionDisburesmentService,,] 10132 --- [restartedMain] org.apache.catalina.core.StandardEngine  : Starting Servlet engine: [Apache Tomcat/9.0.50]
2022-05-19 18:57:56.785  INFO [PensionDisburesmentService,,] 10132 --- [restartedMain] o.a.c.c.C.[Tomcat].[localhost].[/]       : Initializing Spring embedded WebApplicationContext
2022-05-19 18:57:56.786  INFO [PensionDisburesmentService,,] 10132 --- [restartedMain] w.s.c.ServletWebServerApplicationContext : Root WebApplicationContext: initialization completed in 3842 ms
2022-05-19 18:57:56.874  INFO [PensionDisburesmentService,,] 10132 --- [restartedMain] com.zaxxer.hikari.HikariDataSource       : HikariPool-1 - Starting...
2022-05-19 18:57:57.158  INFO [PensionDisburesmentService,,] 10132 --- [restartedMain] com.zaxxer.hikari.HikariDataSource       : HikariPool-1 - Start completed.
2022-05-19 18:57:57.171  INFO [PensionDisburesmentService,,] 10132 --- [restartedMain] o.s.b.a.h2.H2ConsoleAutoConfiguration    : H2 console available at '/h2-console'. Database available at 'jdbc:h2:mem:fb63b539-7ca9-479a-a55b-fa6e7ab2c742'
2022-05-19 18:57:58.195  WARN [PensionDisburesmentService,,] 10132 --- [restartedMain] o.s.c.s.a.z.ZipkinAutoConfiguration      : Check result of the [RestTemplateSender{http://localhost:9411/api/v2/spans}] contains an error [CheckResult{ok=false, error=org.springframework.web.client.ResourceAccessException: I/O error on POST request for "http://localhost:9411/api/v2/spans": Connect timed out; nested exception is java.net.SocketTimeoutException: Connect timed out}]
2022-05-19 18:57:58.703  INFO [PensionDisburesmentService,,] 10132 --- [restartedMain] o.hibernate.jpa.internal.util.LogHelper  : HHH000204: Processing PersistenceUnitInfo [name: default]
2022-05-19 18:57:58.786  INFO [PensionDisburesmentService,,] 10132 --- [restartedMain] org.hibernate.Version                    : HHH000412: Hibernate ORM core version 5.4.32.Final
2022-05-19 18:57:59.006  INFO [PensionDisburesmentService,,] 10132 --- [restartedMain] o.hibernate.annotations.common.Version   : HCANN000001: Hibernate Commons Annotations {5.1.2.Final}
2022-05-19 18:57:59.214  INFO [PensionDisburesmentService,,] 10132 --- [restartedMain] org.hibernate.dialect.Dialect            : HHH000400: Using dialect: org.hibernate.dialect.H2Dialect
2022-05-19 18:57:59.561  INFO [PensionDisburesmentService,,] 10132 --- [restartedMain] o.h.e.t.j.p.i.JtaPlatformInitiator       : HHH000490: Using JtaPlatform implementation: [org.hibernate.engine.transaction.jta.platform.internal.NoJtaPlatform]
2022-05-19 18:57:59.582  INFO [PensionDisburesmentService,,] 10132 --- [restartedMain] j.LocalContainerEntityManagerFactoryBean : Initialized JPA EntityManagerFactory for persistence unit 'default'
2022-05-19 18:57:59.647  WARN [PensionDisburesmentService,,] 10132 --- [restartedMain] o.s.b.d.a.OptionalLiveReloadServer       : Unable to start LiveReload server
2022-05-19 18:57:59.850  WARN [PensionDisburesmentService,,] 10132 --- [restartedMain] JpaBaseConfiguration$JpaWebConfiguration : spring.jpa.open-in-view is enabled by default. Therefore, database queries may be performed during view rendering. Explicitly configure spring.jpa.open-in-view to disable this warning
2022-05-19 18:58:01.980  INFO [PensionDisburesmentService,,] 10132 --- [restartedMain] o.s.b.w.embedded.tomcat.TomcatWebServer  : Tomcat started on port(s): 9083 (http) with context path ''
2022-05-19 18:58:02.065  INFO [PensionDisburesmentService,,] 10132 --- [restartedMain] d.s.w.p.DocumentationPluginsBootstrapper : Context refreshed
2022-05-19 18:58:02.091  INFO [PensionDisburesmentService,,] 10132 --- [restartedMain] d.s.w.p.DocumentationPluginsBootstrapper : Found 1 custom documentation plugin(s)
2022-05-19 18:58:02.106  INFO [PensionDisburesmentService,,] 10132 --- [restartedMain] s.d.s.w.s.ApiListingReferenceScanner     : Scanning for api listing references
2022-05-19 18:58:02.307  INFO [PensionDisburesmentService,,] 10132 --- [restartedMain] nsionDisbursementMicroserviceApplication : Started PensionDisbursementMicroserviceApplication in 10.558 seconds (JVM running for 11.945)
2022-05-19 19:01:27.043  INFO [PensionDisburesmentService,,] 15712 --- [restartedMain] nsionDisbursementMicroserviceApplication : Starting PensionDisbursementMicroserviceApplication using Java 15.0.2 on LTIN300273 with PID 15712 (C:\Users\893891\saibackend\PensionManagementSystem-master (1)\PensionManagementSystem-master\pension-disbursement-microservice\target\classes started by 893891 in C:\Users\893891\saibackend\PensionManagementSystem-master (1)\PensionManagementSystem-master\pension-disbursement-microservice)
2022-05-19 19:01:27.048  INFO [PensionDisburesmentService,,] 15712 --- [restartedMain] nsionDisbursementMicroserviceApplication : No active profile set, falling back to default profiles: default
2022-05-19 19:01:27.177  INFO [PensionDisburesmentService,,] 15712 --- [restartedMain] .e.DevToolsPropertyDefaultsPostProcessor : Devtools property defaults active! Set 'spring.devtools.add-properties' to 'false' to disable
2022-05-19 19:01:27.178  INFO [PensionDisburesmentService,,] 15712 --- [restartedMain] .e.DevToolsPropertyDefaultsPostProcessor : For additional web related logging consider setting the 'logging.level.web' property to 'DEBUG'
2022-05-19 19:01:29.123  INFO [PensionDisburesmentService,,] 15712 --- [restartedMain] .s.d.r.c.RepositoryConfigurationDelegate : Bootstrapping Spring Data JPA repositories in DEFAULT mode.
2022-05-19 19:01:29.153  INFO [PensionDisburesmentService,,] 15712 --- [restartedMain] .s.d.r.c.RepositoryConfigurationDelegate : Finished Spring Data repository scanning in 14 ms. Found 0 JPA repository interfaces.
2022-05-19 19:01:29.776  INFO [PensionDisburesmentService,,] 15712 --- [restartedMain] o.s.cloud.context.scope.GenericScope     : BeanFactory id=5c3759df-218f-38ad-b0df-eaad1930406b
2022-05-19 19:01:31.119  INFO [PensionDisburesmentService,,] 15712 --- [restartedMain] o.s.b.w.embedded.tomcat.TomcatWebServer  : Tomcat initialized with port(s): 9083 (http)
2022-05-19 19:01:31.135  INFO [PensionDisburesmentService,,] 15712 --- [restartedMain] o.apache.catalina.core.StandardService   : Starting service [Tomcat]
2022-05-19 19:01:31.135  INFO [PensionDisburesmentService,,] 15712 --- [restartedMain] org.apache.catalina.core.StandardEngine  : Starting Servlet engine: [Apache Tomcat/9.0.50]
2022-05-19 19:01:31.305  INFO [PensionDisburesmentService,,] 15712 --- [restartedMain] o.a.c.c.C.[Tomcat].[localhost].[/]       : Initializing Spring embedded WebApplicationContext
2022-05-19 19:01:31.306  INFO [PensionDisburesmentService,,] 15712 --- [restartedMain] w.s.c.ServletWebServerApplicationContext : Root WebApplicationContext: initialization completed in 4127 ms
2022-05-19 19:01:31.416  INFO [PensionDisburesmentService,,] 15712 --- [restartedMain] com.zaxxer.hikari.HikariDataSource       : HikariPool-1 - Starting...
2022-05-19 19:01:31.773  INFO [PensionDisburesmentService,,] 15712 --- [restartedMain] com.zaxxer.hikari.HikariDataSource       : HikariPool-1 - Start completed.
2022-05-19 19:01:31.785  INFO [PensionDisburesmentService,,] 15712 --- [restartedMain] o.s.b.a.h2.H2ConsoleAutoConfiguration    : H2 console available at '/h2-console'. Database available at 'jdbc:h2:mem:ece427d5-bc4d-474f-8610-af89a6db4229'
2022-05-19 19:01:32.864  WARN [PensionDisburesmentService,,] 15712 --- [restartedMain] o.s.c.s.a.z.ZipkinAutoConfiguration      : Check result of the [RestTemplateSender{http://localhost:9411/api/v2/spans}] contains an error [CheckResult{ok=false, error=org.springframework.web.client.ResourceAccessException: I/O error on POST request for "http://localhost:9411/api/v2/spans": Connect timed out; nested exception is java.net.SocketTimeoutException: Connect timed out}]
2022-05-19 19:01:33.380  INFO [PensionDisburesmentService,,] 15712 --- [restartedMain] o.hibernate.jpa.internal.util.LogHelper  : HHH000204: Processing PersistenceUnitInfo [name: default]
2022-05-19 19:01:33.589  INFO [PensionDisburesmentService,,] 15712 --- [restartedMain] org.hibernate.Version                    : HHH000412: Hibernate ORM core version 5.4.32.Final
2022-05-19 19:01:34.095  INFO [PensionDisburesmentService,,] 15712 --- [restartedMain] o.hibernate.annotations.common.Version   : HCANN000001: Hibernate Commons Annotations {5.1.2.Final}
2022-05-19 19:01:34.373  INFO [PensionDisburesmentService,,] 15712 --- [restartedMain] org.hibernate.dialect.Dialect            : HHH000400: Using dialect: org.hibernate.dialect.H2Dialect
2022-05-19 19:01:34.754  INFO [PensionDisburesmentService,,] 15712 --- [restartedMain] o.h.e.t.j.p.i.JtaPlatformInitiator       : HHH000490: Using JtaPlatform implementation: [org.hibernate.engine.transaction.jta.platform.internal.NoJtaPlatform]
2022-05-19 19:01:34.774  INFO [PensionDisburesmentService,,] 15712 --- [restartedMain] j.LocalContainerEntityManagerFactoryBean : Initialized JPA EntityManagerFactory for persistence unit 'default'
2022-05-19 19:01:34.846  WARN [PensionDisburesmentService,,] 15712 --- [restartedMain] o.s.b.d.a.OptionalLiveReloadServer       : Unable to start LiveReload server
2022-05-19 19:01:35.086  WARN [PensionDisburesmentService,,] 15712 --- [restartedMain] JpaBaseConfiguration$JpaWebConfiguration : spring.jpa.open-in-view is enabled by default. Therefore, database queries may be performed during view rendering. Explicitly configure spring.jpa.open-in-view to disable this warning
2022-05-19 19:01:37.373  WARN [PensionDisburesmentService,,] 15712 --- [restartedMain] ConfigServletWebServerApplicationContext : Exception encountered during context initialization - cancelling refresh attempt: org.springframework.context.ApplicationContextException: Failed to start bean 'webServerStartStop'; nested exception is org.springframework.boot.web.server.PortInUseException: Port 9083 is already in use
2022-05-19 19:01:37.381  INFO [PensionDisburesmentService,,] 15712 --- [restartedMain] j.LocalContainerEntityManagerFactoryBean : Closing JPA EntityManagerFactory for persistence unit 'default'
2022-05-19 19:01:37.383  INFO [PensionDisburesmentService,,] 15712 --- [restartedMain] .SchemaDropperImpl$DelayedDropActionImpl : HHH000477: Starting delayed evictData of schema as part of SessionFactory shut-down'
2022-05-19 19:01:37.615  WARN [PensionDisburesmentService,,] 15712 --- [restartedMain] o.s.b.f.support.DisposableBeanAdapter    : Invocation of destroy method failed on bean with name 'inMemoryDatabaseShutdownExecutor': org.h2.jdbc.JdbcSQLNonTransientConnectionException: Database is already closed (to disable automatic closing at VM shutdown, add ";DB_CLOSE_ON_EXIT=FALSE" to the db URL) [90121-200]
2022-05-19 19:01:38.625  WARN [PensionDisburesmentService,,] 15712 --- [restartedMain] z.r.AsyncReporter$BoundedAsyncReporter   : Timed out waiting for in-flight spans to send
2022-05-19 19:01:38.629  INFO [PensionDisburesmentService,,] 15712 --- [restartedMain] com.zaxxer.hikari.HikariDataSource       : HikariPool-1 - Shutdown initiated...
2022-05-19 19:01:38.633  INFO [PensionDisburesmentService,,] 15712 --- [restartedMain] com.zaxxer.hikari.HikariDataSource       : HikariPool-1 - Shutdown completed.
2022-05-19 19:01:38.635  INFO [PensionDisburesmentService,,] 15712 --- [restartedMain] o.apache.catalina.core.StandardService   : Stopping service [Tomcat]
2022-05-19 19:01:38.658  INFO [PensionDisburesmentService,,] 15712 --- [restartedMain] ConditionEvaluationReportLoggingListener : 

Error starting ApplicationContext. To display the conditions report re-run your application with 'debug' enabled.
2022-05-19 19:01:38.699 ERROR [PensionDisburesmentService,,] 15712 --- [restartedMain] o.s.b.d.LoggingFailureAnalysisReporter   : 

***************************
APPLICATION FAILED TO START
***************************

Description:

Web server failed to start. Port 9083 was already in use.

Action:

Identify and stop the process that's listening on port 9083 or configure this application to listen on another port.

2022-05-19 19:02:45.471  INFO [PensionDisburesmentService,,] 24948 --- [restartedMain] nsionDisbursementMicroserviceApplication : Starting PensionDisbursementMicroserviceApplication using Java 15.0.2 on LTIN300273 with PID 24948 (C:\Users\893891\saibackend\PensionManagementSystem-master (1)\PensionManagementSystem-master\pension-disbursement-microservice\target\classes started by 893891 in C:\Users\893891\saibackend\PensionManagementSystem-master (1)\PensionManagementSystem-master\pension-disbursement-microservice)
2022-05-19 19:02:45.476  INFO [PensionDisburesmentService,,] 24948 --- [restartedMain] nsionDisbursementMicroserviceApplication : No active profile set, falling back to default profiles: default
2022-05-19 19:02:45.589  INFO [PensionDisburesmentService,,] 24948 --- [restartedMain] .e.DevToolsPropertyDefaultsPostProcessor : Devtools property defaults active! Set 'spring.devtools.add-properties' to 'false' to disable
2022-05-19 19:02:45.590  INFO [PensionDisburesmentService,,] 24948 --- [restartedMain] .e.DevToolsPropertyDefaultsPostProcessor : For additional web related logging consider setting the 'logging.level.web' property to 'DEBUG'
2022-05-19 19:02:47.522  INFO [PensionDisburesmentService,,] 24948 --- [restartedMain] .s.d.r.c.RepositoryConfigurationDelegate : Bootstrapping Spring Data JPA repositories in DEFAULT mode.
2022-05-19 19:02:47.553  INFO [PensionDisburesmentService,,] 24948 --- [restartedMain] .s.d.r.c.RepositoryConfigurationDelegate : Finished Spring Data repository scanning in 15 ms. Found 0 JPA repository interfaces.
2022-05-19 19:02:48.276  INFO [PensionDisburesmentService,,] 24948 --- [restartedMain] o.s.cloud.context.scope.GenericScope     : BeanFactory id=5c3759df-218f-38ad-b0df-eaad1930406b
2022-05-19 19:02:49.602  INFO [PensionDisburesmentService,,] 24948 --- [restartedMain] o.s.b.w.embedded.tomcat.TomcatWebServer  : Tomcat initialized with port(s): 9083 (http)
2022-05-19 19:02:49.619  INFO [PensionDisburesmentService,,] 24948 --- [restartedMain] o.apache.catalina.core.StandardService   : Starting service [Tomcat]
2022-05-19 19:02:49.620  INFO [PensionDisburesmentService,,] 24948 --- [restartedMain] org.apache.catalina.core.StandardEngine  : Starting Servlet engine: [Apache Tomcat/9.0.50]
2022-05-19 19:02:49.788  INFO [PensionDisburesmentService,,] 24948 --- [restartedMain] o.a.c.c.C.[Tomcat].[localhost].[/]       : Initializing Spring embedded WebApplicationContext
2022-05-19 19:02:49.789  INFO [PensionDisburesmentService,,] 24948 --- [restartedMain] w.s.c.ServletWebServerApplicationContext : Root WebApplicationContext: initialization completed in 4197 ms
2022-05-19 19:02:49.903  INFO [PensionDisburesmentService,,] 24948 --- [restartedMain] com.zaxxer.hikari.HikariDataSource       : HikariPool-1 - Starting...
2022-05-19 19:02:50.201  INFO [PensionDisburesmentService,,] 24948 --- [restartedMain] com.zaxxer.hikari.HikariDataSource       : HikariPool-1 - Start completed.
2022-05-19 19:02:50.214  INFO [PensionDisburesmentService,,] 24948 --- [restartedMain] o.s.b.a.h2.H2ConsoleAutoConfiguration    : H2 console available at '/h2-console'. Database available at 'jdbc:h2:mem:cd189191-7b62-4e53-842a-2bba80709d5f'
2022-05-19 19:02:51.291  WARN [PensionDisburesmentService,,] 24948 --- [restartedMain] o.s.c.s.a.z.ZipkinAutoConfiguration      : Check result of the [RestTemplateSender{http://localhost:9411/api/v2/spans}] contains an error [CheckResult{ok=false, error=org.springframework.web.client.ResourceAccessException: I/O error on POST request for "http://localhost:9411/api/v2/spans": Connect timed out; nested exception is java.net.SocketTimeoutException: Connect timed out}]
2022-05-19 19:02:51.687  INFO [PensionDisburesmentService,,] 24948 --- [restartedMain] o.hibernate.jpa.internal.util.LogHelper  : HHH000204: Processing PersistenceUnitInfo [name: default]
2022-05-19 19:02:51.775  INFO [PensionDisburesmentService,,] 24948 --- [restartedMain] org.hibernate.Version                    : HHH000412: Hibernate ORM core version 5.4.32.Final
2022-05-19 19:02:51.990  INFO [PensionDisburesmentService,,] 24948 --- [restartedMain] o.hibernate.annotations.common.Version   : HCANN000001: Hibernate Commons Annotations {5.1.2.Final}
2022-05-19 19:02:52.185  INFO [PensionDisburesmentService,,] 24948 --- [restartedMain] org.hibernate.dialect.Dialect            : HHH000400: Using dialect: org.hibernate.dialect.H2Dialect
2022-05-19 19:02:52.522  INFO [PensionDisburesmentService,,] 24948 --- [restartedMain] o.h.e.t.j.p.i.JtaPlatformInitiator       : HHH000490: Using JtaPlatform implementation: [org.hibernate.engine.transaction.jta.platform.internal.NoJtaPlatform]
2022-05-19 19:02:52.535  INFO [PensionDisburesmentService,,] 24948 --- [restartedMain] j.LocalContainerEntityManagerFactoryBean : Initialized JPA EntityManagerFactory for persistence unit 'default'
2022-05-19 19:02:52.605  INFO [PensionDisburesmentService,,] 24948 --- [restartedMain] o.s.b.d.a.OptionalLiveReloadServer       : LiveReload server is running on port 35729
2022-05-19 19:02:52.854  WARN [PensionDisburesmentService,,] 24948 --- [restartedMain] JpaBaseConfiguration$JpaWebConfiguration : spring.jpa.open-in-view is enabled by default. Therefore, database queries may be performed during view rendering. Explicitly configure spring.jpa.open-in-view to disable this warning
2022-05-19 19:02:54.993  INFO [PensionDisburesmentService,,] 24948 --- [restartedMain] o.s.b.w.embedded.tomcat.TomcatWebServer  : Tomcat started on port(s): 9083 (http) with context path ''
2022-05-19 19:02:55.077  INFO [PensionDisburesmentService,,] 24948 --- [restartedMain] d.s.w.p.DocumentationPluginsBootstrapper : Context refreshed
2022-05-19 19:02:55.097  INFO [PensionDisburesmentService,,] 24948 --- [restartedMain] d.s.w.p.DocumentationPluginsBootstrapper : Found 1 custom documentation plugin(s)
2022-05-19 19:02:55.108  INFO [PensionDisburesmentService,,] 24948 --- [restartedMain] s.d.s.w.s.ApiListingReferenceScanner     : Scanning for api listing references
2022-05-19 19:02:55.313  INFO [PensionDisburesmentService,,] 24948 --- [restartedMain] nsionDisbursementMicroserviceApplication : Started PensionDisbursementMicroserviceApplication in 10.901 seconds (JVM running for 12.274)
2022-05-19 21:45:54.386  WARN [PensionDisburesmentService,,] 24948 --- [HikariPool-1 housekeeper] com.zaxxer.hikari.pool.HikariPool        : HikariPool-1 - Thread starvation or clock leap detected (housekeeper delta=43m2s654ms677µs900ns).
2022-05-19 23:13:35.057  INFO [PensionDisburesmentService,,] 16136 --- [restartedMain] nsionDisbursementMicroserviceApplication : Starting PensionDisbursementMicroserviceApplication using Java 15.0.2 on LTIN300273 with PID 16136 (C:\Users\893891\saibackend\PensionManagementSystem-master (1)\PensionManagementSystem-master\pension-disbursement-microservice\target\classes started by 893891 in C:\Users\893891\saibackend\PensionManagementSystem-master (1)\PensionManagementSystem-master\pension-disbursement-microservice)
2022-05-19 23:13:35.067  INFO [PensionDisburesmentService,,] 16136 --- [restartedMain] nsionDisbursementMicroserviceApplication : No active profile set, falling back to default profiles: default
2022-05-19 23:13:35.164  INFO [PensionDisburesmentService,,] 16136 --- [restartedMain] .e.DevToolsPropertyDefaultsPostProcessor : Devtools property defaults active! Set 'spring.devtools.add-properties' to 'false' to disable
2022-05-19 23:13:35.165  INFO [PensionDisburesmentService,,] 16136 --- [restartedMain] .e.DevToolsPropertyDefaultsPostProcessor : For additional web related logging consider setting the 'logging.level.web' property to 'DEBUG'
2022-05-19 23:13:36.902  INFO [PensionDisburesmentService,,] 16136 --- [restartedMain] .s.d.r.c.RepositoryConfigurationDelegate : Bootstrapping Spring Data JPA repositories in DEFAULT mode.
2022-05-19 23:13:36.929  INFO [PensionDisburesmentService,,] 16136 --- [restartedMain] .s.d.r.c.RepositoryConfigurationDelegate : Finished Spring Data repository scanning in 14 ms. Found 0 JPA repository interfaces.
2022-05-19 23:13:37.552  INFO [PensionDisburesmentService,,] 16136 --- [restartedMain] o.s.cloud.context.scope.GenericScope     : BeanFactory id=5c3759df-218f-38ad-b0df-eaad1930406b
2022-05-19 23:13:38.965  INFO [PensionDisburesmentService,,] 16136 --- [restartedMain] o.s.b.w.embedded.tomcat.TomcatWebServer  : Tomcat initialized with port(s): 9083 (http)
2022-05-19 23:13:38.983  INFO [PensionDisburesmentService,,] 16136 --- [restartedMain] o.apache.catalina.core.StandardService   : Starting service [Tomcat]
2022-05-19 23:13:38.984  INFO [PensionDisburesmentService,,] 16136 --- [restartedMain] org.apache.catalina.core.StandardEngine  : Starting Servlet engine: [Apache Tomcat/9.0.50]
2022-05-19 23:13:39.178  INFO [PensionDisburesmentService,,] 16136 --- [restartedMain] o.a.c.c.C.[Tomcat].[localhost].[/]       : Initializing Spring embedded WebApplicationContext
2022-05-19 23:13:39.179  INFO [PensionDisburesmentService,,] 16136 --- [restartedMain] w.s.c.ServletWebServerApplicationContext : Root WebApplicationContext: initialization completed in 4013 ms
2022-05-19 23:13:39.307  INFO [PensionDisburesmentService,,] 16136 --- [restartedMain] com.zaxxer.hikari.HikariDataSource       : HikariPool-1 - Starting...
2022-05-19 23:13:39.663  INFO [PensionDisburesmentService,,] 16136 --- [restartedMain] com.zaxxer.hikari.HikariDataSource       : HikariPool-1 - Start completed.
2022-05-19 23:13:39.677  INFO [PensionDisburesmentService,,] 16136 --- [restartedMain] o.s.b.a.h2.H2ConsoleAutoConfiguration    : H2 console available at '/h2-console'. Database available at 'jdbc:h2:mem:d87e04eb-796c-43b3-a490-2cb25d6e8f36'
2022-05-19 23:13:40.838  WARN [PensionDisburesmentService,,] 16136 --- [restartedMain] o.s.c.s.a.z.ZipkinAutoConfiguration      : Check result of the [RestTemplateSender{http://localhost:9411/api/v2/spans}] contains an error [CheckResult{ok=false, error=org.springframework.web.client.ResourceAccessException: I/O error on POST request for "http://localhost:9411/api/v2/spans": Connect timed out; nested exception is java.net.SocketTimeoutException: Connect timed out}]
2022-05-19 23:13:41.303  INFO [PensionDisburesmentService,,] 16136 --- [restartedMain] o.hibernate.jpa.internal.util.LogHelper  : HHH000204: Processing PersistenceUnitInfo [name: default]
2022-05-19 23:13:41.432  INFO [PensionDisburesmentService,,] 16136 --- [restartedMain] org.hibernate.Version                    : HHH000412: Hibernate ORM core version 5.4.32.Final
2022-05-19 23:13:41.777  INFO [PensionDisburesmentService,,] 16136 --- [restartedMain] o.hibernate.annotations.common.Version   : HCANN000001: Hibernate Commons Annotations {5.1.2.Final}
2022-05-19 23:13:42.049  INFO [PensionDisburesmentService,,] 16136 --- [restartedMain] org.hibernate.dialect.Dialect            : HHH000400: Using dialect: org.hibernate.dialect.H2Dialect
2022-05-19 23:13:42.448  INFO [PensionDisburesmentService,,] 16136 --- [restartedMain] o.h.e.t.j.p.i.JtaPlatformInitiator       : HHH000490: Using JtaPlatform implementation: [org.hibernate.engine.transaction.jta.platform.internal.NoJtaPlatform]
2022-05-19 23:13:42.464  INFO [PensionDisburesmentService,,] 16136 --- [restartedMain] j.LocalContainerEntityManagerFactoryBean : Initialized JPA EntityManagerFactory for persistence unit 'default'
2022-05-19 23:13:42.544  WARN [PensionDisburesmentService,,] 16136 --- [restartedMain] o.s.b.d.a.OptionalLiveReloadServer       : Unable to start LiveReload server
2022-05-19 23:13:42.856  WARN [PensionDisburesmentService,,] 16136 --- [restartedMain] JpaBaseConfiguration$JpaWebConfiguration : spring.jpa.open-in-view is enabled by default. Therefore, database queries may be performed during view rendering. Explicitly configure spring.jpa.open-in-view to disable this warning
2022-05-19 23:13:45.415  INFO [PensionDisburesmentService,,] 16136 --- [restartedMain] o.s.b.w.embedded.tomcat.TomcatWebServer  : Tomcat started on port(s): 9083 (http) with context path ''
2022-05-19 23:13:45.554  INFO [PensionDisburesmentService,,] 16136 --- [restartedMain] d.s.w.p.DocumentationPluginsBootstrapper : Context refreshed
2022-05-19 23:13:45.588  INFO [PensionDisburesmentService,,] 16136 --- [restartedMain] d.s.w.p.DocumentationPluginsBootstrapper : Found 1 custom documentation plugin(s)
2022-05-19 23:13:45.607  INFO [PensionDisburesmentService,,] 16136 --- [restartedMain] s.d.s.w.s.ApiListingReferenceScanner     : Scanning for api listing references
2022-05-19 23:13:45.859  INFO [PensionDisburesmentService,,] 16136 --- [restartedMain] nsionDisbursementMicroserviceApplication : Started PensionDisbursementMicroserviceApplication in 11.6 seconds (JVM running for 12.526)
2022-05-19 23:27:22.204  INFO [PensionDisburesmentService,,] 16136 --- [http-nio-9083-exec-2] o.a.c.c.C.[Tomcat].[localhost].[/]       : Initializing Spring DispatcherServlet 'dispatcherServlet'
2022-05-19 23:27:22.209  INFO [PensionDisburesmentService,,] 16136 --- [http-nio-9083-exec-2] o.s.web.servlet.DispatcherServlet        : Initializing Servlet 'dispatcherServlet'
2022-05-19 23:27:22.226  INFO [PensionDisburesmentService,,] 16136 --- [http-nio-9083-exec-2] o.s.web.servlet.DispatcherServlet        : Completed initialization in 17 ms
2022-05-19 23:27:22.500  INFO [PensionDisburesmentService,7666262694498066,b0ac11e62b24804a] 16136 --- [http-nio-9083-exec-2] c.c.c.PensionerDisbrusmentConroller      : STARTED - getPensionDisbursement
2022-05-19 23:27:22.568  INFO [PensionDisburesmentService,7666262694498066,b0ac11e62b24804a] 16136 --- [http-nio-9083-exec-2] c.c.service.PensionDisbrusmentService    : STARTED - statusCode
2022-05-19 23:27:22.568  INFO [PensionDisburesmentService,7666262694498066,b0ac11e62b24804a] 16136 --- [http-nio-9083-exec-2] c.c.service.PensionDisbrusmentService    : STARTED - inputBankCharge
2022-05-19 23:27:22.569  INFO [PensionDisburesmentService,7666262694498066,b0ac11e62b24804a] 16136 --- [http-nio-9083-exec-2] c.c.service.PensionDisbrusmentService    : END - inputBankCharge - private - false
2022-05-19 23:27:22.569  INFO [PensionDisburesmentService,7666262694498066,b0ac11e62b24804a] 16136 --- [http-nio-9083-exec-2] c.c.service.PensionDisbrusmentService    : END - statusCode - fail
2022-05-19 23:27:22.569  INFO [PensionDisburesmentService,7666262694498066,b0ac11e62b24804a] 16136 --- [http-nio-9083-exec-2] c.c.c.PensionerDisbrusmentConroller      : END - getPensionDisbursement
2022-05-19 23:44:17.583  INFO [PensionDisburesmentService,,] 16020 --- [restartedMain] nsionDisbursementMicroserviceApplication : Starting PensionDisbursementMicroserviceApplication using Java 15.0.2 on LTIN300273 with PID 16020 (C:\Users\893891\saibackend\PensionManagementSystem-master (1)\PensionManagementSystem-master\pension-disbursement-microservice\target\classes started by 893891 in C:\Users\893891\saibackend\PensionManagementSystem-master (1)\PensionManagementSystem-master\pension-disbursement-microservice)
2022-05-19 23:44:17.589  INFO [PensionDisburesmentService,,] 16020 --- [restartedMain] nsionDisbursementMicroserviceApplication : No active profile set, falling back to default profiles: default
2022-05-19 23:44:17.703  INFO [PensionDisburesmentService,,] 16020 --- [restartedMain] .e.DevToolsPropertyDefaultsPostProcessor : Devtools property defaults active! Set 'spring.devtools.add-properties' to 'false' to disable
2022-05-19 23:44:17.704  INFO [PensionDisburesmentService,,] 16020 --- [restartedMain] .e.DevToolsPropertyDefaultsPostProcessor : For additional web related logging consider setting the 'logging.level.web' property to 'DEBUG'
2022-05-19 23:44:19.559  INFO [PensionDisburesmentService,,] 16020 --- [restartedMain] .s.d.r.c.RepositoryConfigurationDelegate : Bootstrapping Spring Data JPA repositories in DEFAULT mode.
2022-05-19 23:44:19.590  INFO [PensionDisburesmentService,,] 16020 --- [restartedMain] .s.d.r.c.RepositoryConfigurationDelegate : Finished Spring Data repository scanning in 15 ms. Found 0 JPA repository interfaces.
2022-05-19 23:44:20.211  INFO [PensionDisburesmentService,,] 16020 --- [restartedMain] o.s.cloud.context.scope.GenericScope     : BeanFactory id=5c3759df-218f-38ad-b0df-eaad1930406b
2022-05-19 23:44:21.684  INFO [PensionDisburesmentService,,] 16020 --- [restartedMain] o.s.b.w.embedded.tomcat.TomcatWebServer  : Tomcat initialized with port(s): 9083 (http)
2022-05-19 23:44:21.707  INFO [PensionDisburesmentService,,] 16020 --- [restartedMain] o.apache.catalina.core.StandardService   : Starting service [Tomcat]
2022-05-19 23:44:21.707  INFO [PensionDisburesmentService,,] 16020 --- [restartedMain] org.apache.catalina.core.StandardEngine  : Starting Servlet engine: [Apache Tomcat/9.0.50]
2022-05-19 23:44:21.873  INFO [PensionDisburesmentService,,] 16020 --- [restartedMain] o.a.c.c.C.[Tomcat].[localhost].[/]       : Initializing Spring embedded WebApplicationContext
2022-05-19 23:44:21.874  INFO [PensionDisburesmentService,,] 16020 --- [restartedMain] w.s.c.ServletWebServerApplicationContext : Root WebApplicationContext: initialization completed in 4168 ms
2022-05-19 23:44:22.003  INFO [PensionDisburesmentService,,] 16020 --- [restartedMain] com.zaxxer.hikari.HikariDataSource       : HikariPool-1 - Starting...
2022-05-19 23:44:22.355  INFO [PensionDisburesmentService,,] 16020 --- [restartedMain] com.zaxxer.hikari.HikariDataSource       : HikariPool-1 - Start completed.
2022-05-19 23:44:22.369  INFO [PensionDisburesmentService,,] 16020 --- [restartedMain] o.s.b.a.h2.H2ConsoleAutoConfiguration    : H2 console available at '/h2-console'. Database available at 'jdbc:h2:mem:6a681481-0906-4aac-ad4e-f63f1f69a1c2'
2022-05-19 23:44:23.688  WARN [PensionDisburesmentService,,] 16020 --- [restartedMain] o.s.c.s.a.z.ZipkinAutoConfiguration      : Check result of the [RestTemplateSender{http://localhost:9411/api/v2/spans}] contains an error [CheckResult{ok=false, error=org.springframework.web.client.ResourceAccessException: I/O error on POST request for "http://localhost:9411/api/v2/spans": Connect timed out; nested exception is java.net.SocketTimeoutException: Connect timed out}]
2022-05-19 23:44:24.105  INFO [PensionDisburesmentService,,] 16020 --- [restartedMain] o.hibernate.jpa.internal.util.LogHelper  : HHH000204: Processing PersistenceUnitInfo [name: default]
2022-05-19 23:44:24.197  INFO [PensionDisburesmentService,,] 16020 --- [restartedMain] org.hibernate.Version                    : HHH000412: Hibernate ORM core version 5.4.32.Final
2022-05-19 23:44:24.401  INFO [PensionDisburesmentService,,] 16020 --- [restartedMain] o.hibernate.annotations.common.Version   : HCANN000001: Hibernate Commons Annotations {5.1.2.Final}
2022-05-19 23:44:24.630  INFO [PensionDisburesmentService,,] 16020 --- [restartedMain] org.hibernate.dialect.Dialect            : HHH000400: Using dialect: org.hibernate.dialect.H2Dialect
2022-05-19 23:44:24.975  INFO [PensionDisburesmentService,,] 16020 --- [restartedMain] o.h.e.t.j.p.i.JtaPlatformInitiator       : HHH000490: Using JtaPlatform implementation: [org.hibernate.engine.transaction.jta.platform.internal.NoJtaPlatform]
2022-05-19 23:44:24.990  INFO [PensionDisburesmentService,,] 16020 --- [restartedMain] j.LocalContainerEntityManagerFactoryBean : Initialized JPA EntityManagerFactory for persistence unit 'default'
2022-05-19 23:44:25.067  WARN [PensionDisburesmentService,,] 16020 --- [restartedMain] o.s.b.d.a.OptionalLiveReloadServer       : Unable to start LiveReload server
2022-05-19 23:44:25.336  WARN [PensionDisburesmentService,,] 16020 --- [restartedMain] JpaBaseConfiguration$JpaWebConfiguration : spring.jpa.open-in-view is enabled by default. Therefore, database queries may be performed during view rendering. Explicitly configure spring.jpa.open-in-view to disable this warning
2022-05-19 23:44:27.714  INFO [PensionDisburesmentService,,] 16020 --- [restartedMain] o.s.b.w.embedded.tomcat.TomcatWebServer  : Tomcat started on port(s): 9083 (http) with context path ''
2022-05-19 23:44:27.812  INFO [PensionDisburesmentService,,] 16020 --- [restartedMain] d.s.w.p.DocumentationPluginsBootstrapper : Context refreshed
2022-05-19 23:44:27.834  INFO [PensionDisburesmentService,,] 16020 --- [restartedMain] d.s.w.p.DocumentationPluginsBootstrapper : Found 1 custom documentation plugin(s)
2022-05-19 23:44:27.849  INFO [PensionDisburesmentService,,] 16020 --- [restartedMain] s.d.s.w.s.ApiListingReferenceScanner     : Scanning for api listing references
2022-05-19 23:44:28.086  INFO [PensionDisburesmentService,,] 16020 --- [restartedMain] nsionDisbursementMicroserviceApplication : Started PensionDisbursementMicroserviceApplication in 11.27 seconds (JVM running for 12.302)
2022-05-19 23:52:01.694  INFO [PensionDisburesmentService,,] 19744 --- [restartedMain] nsionDisbursementMicroserviceApplication : Starting PensionDisbursementMicroserviceApplication using Java 15.0.2 on LTIN300273 with PID 19744 (C:\Users\893891\saibackend\PensionManagementSystem-master (1)\PensionManagementSystem-master\pension-disbursement-microservice\target\classes started by 893891 in C:\Users\893891\saibackend\PensionManagementSystem-master (1)\PensionManagementSystem-master\pension-disbursement-microservice)
2022-05-19 23:52:01.699  INFO [PensionDisburesmentService,,] 19744 --- [restartedMain] nsionDisbursementMicroserviceApplication : No active profile set, falling back to default profiles: default
2022-05-19 23:52:01.806  INFO [PensionDisburesmentService,,] 19744 --- [restartedMain] .e.DevToolsPropertyDefaultsPostProcessor : Devtools property defaults active! Set 'spring.devtools.add-properties' to 'false' to disable
2022-05-19 23:52:01.807  INFO [PensionDisburesmentService,,] 19744 --- [restartedMain] .e.DevToolsPropertyDefaultsPostProcessor : For additional web related logging consider setting the 'logging.level.web' property to 'DEBUG'
2022-05-19 23:52:03.818  INFO [PensionDisburesmentService,,] 19744 --- [restartedMain] .s.d.r.c.RepositoryConfigurationDelegate : Bootstrapping Spring Data JPA repositories in DEFAULT mode.
2022-05-19 23:52:03.856  INFO [PensionDisburesmentService,,] 19744 --- [restartedMain] .s.d.r.c.RepositoryConfigurationDelegate : Finished Spring Data repository scanning in 21 ms. Found 0 JPA repository interfaces.
2022-05-19 23:52:04.551  INFO [PensionDisburesmentService,,] 19744 --- [restartedMain] o.s.cloud.context.scope.GenericScope     : BeanFactory id=5c3759df-218f-38ad-b0df-eaad1930406b
2022-05-19 23:52:06.198  INFO [PensionDisburesmentService,,] 19744 --- [restartedMain] o.s.b.w.embedded.tomcat.TomcatWebServer  : Tomcat initialized with port(s): 9083 (http)
2022-05-19 23:52:06.216  INFO [PensionDisburesmentService,,] 19744 --- [restartedMain] o.apache.catalina.core.StandardService   : Starting service [Tomcat]
2022-05-19 23:52:06.217  INFO [PensionDisburesmentService,,] 19744 --- [restartedMain] org.apache.catalina.core.StandardEngine  : Starting Servlet engine: [Apache Tomcat/9.0.50]
2022-05-19 23:52:06.398  INFO [PensionDisburesmentService,,] 19744 --- [restartedMain] o.a.c.c.C.[Tomcat].[localhost].[/]       : Initializing Spring embedded WebApplicationContext
2022-05-19 23:52:06.398  INFO [PensionDisburesmentService,,] 19744 --- [restartedMain] w.s.c.ServletWebServerApplicationContext : Root WebApplicationContext: initialization completed in 4590 ms
2022-05-19 23:52:06.513  INFO [PensionDisburesmentService,,] 19744 --- [restartedMain] com.zaxxer.hikari.HikariDataSource       : HikariPool-1 - Starting...
2022-05-19 23:52:06.860  INFO [PensionDisburesmentService,,] 19744 --- [restartedMain] com.zaxxer.hikari.HikariDataSource       : HikariPool-1 - Start completed.
2022-05-19 23:52:06.872  INFO [PensionDisburesmentService,,] 19744 --- [restartedMain] o.s.b.a.h2.H2ConsoleAutoConfiguration    : H2 console available at '/h2-console'. Database available at 'jdbc:h2:mem:81143735-daa0-4654-84c1-98a08258d74e'
2022-05-19 23:52:07.997  WARN [PensionDisburesmentService,,] 19744 --- [restartedMain] o.s.c.s.a.z.ZipkinAutoConfiguration      : Check result of the [RestTemplateSender{http://localhost:9411/api/v2/spans}] contains an error [CheckResult{ok=false, error=org.springframework.web.client.ResourceAccessException: I/O error on POST request for "http://localhost:9411/api/v2/spans": Connect timed out; nested exception is java.net.SocketTimeoutException: Connect timed out}]
2022-05-19 23:52:08.452  INFO [PensionDisburesmentService,,] 19744 --- [restartedMain] o.hibernate.jpa.internal.util.LogHelper  : HHH000204: Processing PersistenceUnitInfo [name: default]
2022-05-19 23:52:08.559  INFO [PensionDisburesmentService,,] 19744 --- [restartedMain] org.hibernate.Version                    : HHH000412: Hibernate ORM core version 5.4.32.Final
2022-05-19 23:52:08.854  INFO [PensionDisburesmentService,,] 19744 --- [restartedMain] o.hibernate.annotations.common.Version   : HCANN000001: Hibernate Commons Annotations {5.1.2.Final}
2022-05-19 23:52:09.084  INFO [PensionDisburesmentService,,] 19744 --- [restartedMain] org.hibernate.dialect.Dialect            : HHH000400: Using dialect: org.hibernate.dialect.H2Dialect
2022-05-19 23:52:09.475  INFO [PensionDisburesmentService,,] 19744 --- [restartedMain] o.h.e.t.j.p.i.JtaPlatformInitiator       : HHH000490: Using JtaPlatform implementation: [org.hibernate.engine.transaction.jta.platform.internal.NoJtaPlatform]
2022-05-19 23:52:09.491  INFO [PensionDisburesmentService,,] 19744 --- [restartedMain] j.LocalContainerEntityManagerFactoryBean : Initialized JPA EntityManagerFactory for persistence unit 'default'
2022-05-19 23:52:09.558  WARN [PensionDisburesmentService,,] 19744 --- [restartedMain] o.s.b.d.a.OptionalLiveReloadServer       : Unable to start LiveReload server
2022-05-19 23:52:09.826  WARN [PensionDisburesmentService,,] 19744 --- [restartedMain] JpaBaseConfiguration$JpaWebConfiguration : spring.jpa.open-in-view is enabled by default. Therefore, database queries may be performed during view rendering. Explicitly configure spring.jpa.open-in-view to disable this warning
2022-05-19 23:52:12.387  INFO [PensionDisburesmentService,,] 19744 --- [restartedMain] o.s.b.w.embedded.tomcat.TomcatWebServer  : Tomcat started on port(s): 9083 (http) with context path ''
2022-05-19 23:52:12.491  INFO [PensionDisburesmentService,,] 19744 --- [restartedMain] d.s.w.p.DocumentationPluginsBootstrapper : Context refreshed
2022-05-19 23:52:12.509  INFO [PensionDisburesmentService,,] 19744 --- [restartedMain] d.s.w.p.DocumentationPluginsBootstrapper : Found 1 custom documentation plugin(s)
2022-05-19 23:52:12.523  INFO [PensionDisburesmentService,,] 19744 --- [restartedMain] s.d.s.w.s.ApiListingReferenceScanner     : Scanning for api listing references
2022-05-19 23:52:12.776  INFO [PensionDisburesmentService,,] 19744 --- [restartedMain] nsionDisbursementMicroserviceApplication : Started PensionDisbursementMicroserviceApplication in 11.918 seconds (JVM running for 12.99)
2022-05-19 23:57:31.960  INFO [PensionDisburesmentService,,] 19744 --- [http-nio-9083-exec-1] o.a.c.c.C.[Tomcat].[localhost].[/]       : Initializing Spring DispatcherServlet 'dispatcherServlet'
2022-05-19 23:57:31.962  INFO [PensionDisburesmentService,,] 19744 --- [http-nio-9083-exec-1] o.s.web.servlet.DispatcherServlet        : Initializing Servlet 'dispatcherServlet'
2022-05-19 23:57:31.980  INFO [PensionDisburesmentService,,] 19744 --- [http-nio-9083-exec-1] o.s.web.servlet.DispatcherServlet        : Completed initialization in 17 ms
2022-05-19 23:57:32.300  INFO [PensionDisburesmentService,08b5bc0cf102d9e9,9308686e18d943b7] 19744 --- [http-nio-9083-exec-1] c.c.c.PensionerDisbrusmentConroller      : STARTED - getPensionDisbursement
2022-05-19 23:57:32.386  INFO [PensionDisburesmentService,08b5bc0cf102d9e9,9308686e18d943b7] 19744 --- [http-nio-9083-exec-1] c.c.service.PensionDisbrusmentService    : STARTED - statusCode
2022-05-19 23:57:32.387  INFO [PensionDisburesmentService,08b5bc0cf102d9e9,9308686e18d943b7] 19744 --- [http-nio-9083-exec-1] c.c.service.PensionDisbrusmentService    : STARTED - inputBankCharge
2022-05-19 23:57:32.387  INFO [PensionDisburesmentService,08b5bc0cf102d9e9,9308686e18d943b7] 19744 --- [http-nio-9083-exec-1] c.c.service.PensionDisbrusmentService    : END - inputBankCharge - private - true
2022-05-19 23:57:32.388  INFO [PensionDisburesmentService,08b5bc0cf102d9e9,9308686e18d943b7] 19744 --- [http-nio-9083-exec-1] c.c.service.PensionDisbrusmentService    : STARTED - calculatePension
2022-05-19 23:57:32.388  INFO [PensionDisburesmentService,08b5bc0cf102d9e9,9308686e18d943b7] 19744 --- [http-nio-9083-exec-1] c.c.service.PensionDisbrusmentService    : END - calculatePension
2022-05-19 23:57:32.388  INFO [PensionDisburesmentService,08b5bc0cf102d9e9,9308686e18d943b7] 19744 --- [http-nio-9083-exec-1] c.c.service.PensionDisbrusmentService    : END - statusCode - fail
2022-05-19 23:57:32.388  INFO [PensionDisburesmentService,08b5bc0cf102d9e9,9308686e18d943b7] 19744 --- [http-nio-9083-exec-1] c.c.c.PensionerDisbrusmentConroller      : END - getPensionDisbursement
2022-05-19 23:58:07.439  INFO [PensionDisburesmentService,d4b8f4b260969d1b,71b648491f16db08] 19744 --- [http-nio-9083-exec-2] c.c.c.PensionerDisbrusmentConroller      : STARTED - getPensionDisbursement
2022-05-19 23:58:07.468  INFO [PensionDisburesmentService,d4b8f4b260969d1b,71b648491f16db08] 19744 --- [http-nio-9083-exec-2] c.c.service.PensionDisbrusmentService    : STARTED - statusCode
2022-05-19 23:58:07.469  INFO [PensionDisburesmentService,d4b8f4b260969d1b,71b648491f16db08] 19744 --- [http-nio-9083-exec-2] c.c.service.PensionDisbrusmentService    : STARTED - inputBankCharge
2022-05-19 23:58:07.470  INFO [PensionDisburesmentService,d4b8f4b260969d1b,71b648491f16db08] 19744 --- [http-nio-9083-exec-2] c.c.service.PensionDisbrusmentService    : END - inputBankCharge - private - true
2022-05-19 23:58:07.470  INFO [PensionDisburesmentService,d4b8f4b260969d1b,71b648491f16db08] 19744 --- [http-nio-9083-exec-2] c.c.service.PensionDisbrusmentService    : STARTED - calculatePension
2022-05-19 23:58:07.470  INFO [PensionDisburesmentService,d4b8f4b260969d1b,71b648491f16db08] 19744 --- [http-nio-9083-exec-2] c.c.service.PensionDisbrusmentService    : END - calculatePension
2022-05-19 23:58:07.470  INFO [PensionDisburesmentService,d4b8f4b260969d1b,71b648491f16db08] 19744 --- [http-nio-9083-exec-2] c.c.service.PensionDisbrusmentService    : END - statusCode - fail
2022-05-19 23:58:07.470  INFO [PensionDisburesmentService,d4b8f4b260969d1b,71b648491f16db08] 19744 --- [http-nio-9083-exec-2] c.c.c.PensionerDisbrusmentConroller      : END - getPensionDisbursement
2022-05-19 23:58:16.567  INFO [PensionDisburesmentService,77d3a03f5b4f889b,87fbc47d5d98748f] 19744 --- [http-nio-9083-exec-3] c.c.c.PensionerDisbrusmentConroller      : STARTED - getPensionDisbursement
2022-05-19 23:58:16.588  INFO [PensionDisburesmentService,77d3a03f5b4f889b,87fbc47d5d98748f] 19744 --- [http-nio-9083-exec-3] c.c.service.PensionDisbrusmentService    : STARTED - statusCode
2022-05-19 23:58:16.589  INFO [PensionDisburesmentService,77d3a03f5b4f889b,87fbc47d5d98748f] 19744 --- [http-nio-9083-exec-3] c.c.service.PensionDisbrusmentService    : STARTED - inputBankCharge
2022-05-19 23:58:16.589  INFO [PensionDisburesmentService,77d3a03f5b4f889b,87fbc47d5d98748f] 19744 --- [http-nio-9083-exec-3] c.c.service.PensionDisbrusmentService    : END - inputBankCharge - private - true
2022-05-19 23:58:16.590  INFO [PensionDisburesmentService,77d3a03f5b4f889b,87fbc47d5d98748f] 19744 --- [http-nio-9083-exec-3] c.c.service.PensionDisbrusmentService    : STARTED - calculatePension
2022-05-19 23:58:16.590  INFO [PensionDisburesmentService,77d3a03f5b4f889b,87fbc47d5d98748f] 19744 --- [http-nio-9083-exec-3] c.c.service.PensionDisbrusmentService    : END - calculatePension
2022-05-19 23:58:16.590  INFO [PensionDisburesmentService,77d3a03f5b4f889b,87fbc47d5d98748f] 19744 --- [http-nio-9083-exec-3] c.c.service.PensionDisbrusmentService    : END - statusCode - fail
2022-05-19 23:58:16.590  INFO [PensionDisburesmentService,77d3a03f5b4f889b,87fbc47d5d98748f] 19744 --- [http-nio-9083-exec-3] c.c.c.PensionerDisbrusmentConroller      : END - getPensionDisbursement
