2022-05-19 23:14:38.122  INFO [,,] 18836 --- [restartedMain] c.c.PensionManagementPortalApplication   : Starting PensionManagementPortalApplication using Java 15.0.2 on LTIN300273 with PID 18836 (C:\Users\893891\saibackend\PensionManagementSystem-master (1)\PensionManagementSystem-master\Pension-Management-portal\target\classes started by 893891 in C:\Users\893891\saibackend\PensionManagementSystem-master (1)\PensionManagementSystem-master\Pension-Management-portal)
2022-05-19 23:14:38.145  INFO [,,] 18836 --- [restartedMain] c.c.PensionManagementPortalApplication   : No active profile set, falling back to default profiles: default
2022-05-19 23:14:38.279  INFO [,,] 18836 --- [restartedMain] .e.DevToolsPropertyDefaultsPostProcessor : Devtools property defaults active! Set 'spring.devtools.add-properties' to 'false' to disable
2022-05-19 23:14:38.279  INFO [,,] 18836 --- [restartedMain] .e.DevToolsPropertyDefaultsPostProcessor : For additional web related logging consider setting the 'logging.level.web' property to 'DEBUG'
2022-05-19 23:14:40.314  INFO [,,] 18836 --- [restartedMain] .s.d.r.c.RepositoryConfigurationDelegate : Bootstrapping Spring Data JPA repositories in DEFAULT mode.
2022-05-19 23:14:40.359  INFO [,,] 18836 --- [restartedMain] .s.d.r.c.RepositoryConfigurationDelegate : Finished Spring Data repository scanning in 27 ms. Found 0 JPA repository interfaces.
2022-05-19 23:14:40.973  INFO [,,] 18836 --- [restartedMain] o.s.cloud.context.scope.GenericScope     : BeanFactory id=b6efebc2-bb64-3a73-b714-eba9624e96b9
2022-05-19 23:14:42.454  INFO [,,] 18836 --- [restartedMain] o.s.b.w.embedded.tomcat.TomcatWebServer  : Tomcat initialized with port(s): 9085 (http)
2022-05-19 23:14:42.470  INFO [,,] 18836 --- [restartedMain] o.apache.catalina.core.StandardService   : Starting service [Tomcat]
2022-05-19 23:14:42.472  INFO [,,] 18836 --- [restartedMain] org.apache.catalina.core.StandardEngine  : Starting Servlet engine: [Apache Tomcat/9.0.50]
2022-05-19 23:14:42.685  INFO [,,] 18836 --- [restartedMain] o.a.c.c.C.[Tomcat].[localhost].[/]       : Initializing Spring embedded WebApplicationContext
2022-05-19 23:14:42.686  INFO [,,] 18836 --- [restartedMain] w.s.c.ServletWebServerApplicationContext : Root WebApplicationContext: initialization completed in 4405 ms
2022-05-19 23:14:42.832  INFO [,,] 18836 --- [restartedMain] com.zaxxer.hikari.HikariDataSource       : HikariPool-1 - Starting...
2022-05-19 23:14:43.142  INFO [,,] 18836 --- [restartedMain] com.zaxxer.hikari.HikariDataSource       : HikariPool-1 - Start completed.
2022-05-19 23:14:43.151  INFO [,,] 18836 --- [restartedMain] o.s.b.a.h2.H2ConsoleAutoConfiguration    : H2 console available at '/h2-console'. Database available at 'jdbc:h2:mem:703a1d40-ed11-48ab-b19d-96630fcff884'
2022-05-19 23:14:43.912  INFO [,,] 18836 --- [restartedMain] o.hibernate.jpa.internal.util.LogHelper  : HHH000204: Processing PersistenceUnitInfo [name: default]
2022-05-19 23:14:43.998  INFO [,,] 18836 --- [restartedMain] org.hibernate.Version                    : HHH000412: Hibernate ORM core version 5.4.32.Final
2022-05-19 23:14:44.245  INFO [,,] 18836 --- [restartedMain] o.hibernate.annotations.common.Version   : HCANN000001: Hibernate Commons Annotations {5.1.2.Final}
2022-05-19 23:14:44.476  INFO [,,] 18836 --- [restartedMain] org.hibernate.dialect.Dialect            : HHH000400: Using dialect: org.hibernate.dialect.H2Dialect
2022-05-19 23:14:44.802  INFO [,,] 18836 --- [restartedMain] o.h.e.t.j.p.i.JtaPlatformInitiator       : HHH000490: Using JtaPlatform implementation: [org.hibernate.engine.transaction.jta.platform.internal.NoJtaPlatform]
2022-05-19 23:14:44.821  INFO [,,] 18836 --- [restartedMain] j.LocalContainerEntityManagerFactoryBean : Initialized JPA EntityManagerFactory for persistence unit 'default'
2022-05-19 23:14:44.901  WARN [,,] 18836 --- [restartedMain] o.s.b.d.a.OptionalLiveReloadServer       : Unable to start LiveReload server
2022-05-19 23:14:45.163  WARN [,,] 18836 --- [restartedMain] JpaBaseConfiguration$JpaWebConfiguration : spring.jpa.open-in-view is enabled by default. Therefore, database queries may be performed during view rendering. Explicitly configure spring.jpa.open-in-view to disable this warning
2022-05-19 23:14:47.402  INFO [,,] 18836 --- [restartedMain] o.s.b.w.embedded.tomcat.TomcatWebServer  : Tomcat started on port(s): 9085 (http) with context path ''
2022-05-19 23:14:47.519  INFO [,,] 18836 --- [restartedMain] d.s.w.p.DocumentationPluginsBootstrapper : Context refreshed
2022-05-19 23:14:47.537  INFO [,,] 18836 --- [restartedMain] d.s.w.p.DocumentationPluginsBootstrapper : Found 1 custom documentation plugin(s)
2022-05-19 23:14:47.549  INFO [,,] 18836 --- [restartedMain] s.d.s.w.s.ApiListingReferenceScanner     : Scanning for api listing references
2022-05-19 23:14:47.797  INFO [,,] 18836 --- [restartedMain] c.c.PensionManagementPortalApplication   : Started PensionManagementPortalApplication in 10.504 seconds (JVM running for 11.48)
2022-05-19 23:15:34.269  INFO [,,] 18836 --- [http-nio-9085-exec-1] o.a.c.c.C.[Tomcat].[localhost].[/]       : Initializing Spring DispatcherServlet 'dispatcherServlet'
2022-05-19 23:15:34.269  INFO [,,] 18836 --- [http-nio-9085-exec-1] o.s.web.servlet.DispatcherServlet        : Initializing Servlet 'dispatcherServlet'
2022-05-19 23:15:34.274  INFO [,,] 18836 --- [http-nio-9085-exec-1] o.s.web.servlet.DispatcherServlet        : Completed initialization in 1 ms
2022-05-19 23:15:34.516  INFO [,8d9d4e2a135a57fa,8d9d4e2a135a57fa] 18836 --- [http-nio-9085-exec-2] c.c.controller.PensionController         : STARTED - doLogin
2022-05-19 23:15:35.319 ERROR [,8d9d4e2a135a57fa,8d9d4e2a135a57fa] 18836 --- [http-nio-9085-exec-2] c.c.controller.PensionController         : EXCEPTION - doLogin
2022-05-19 23:15:35.325  WARN [,8d9d4e2a135a57fa,8d9d4e2a135a57fa] 18836 --- [http-nio-9085-exec-2] .w.s.m.a.ResponseStatusExceptionResolver : Resolved [com.cognizant.exception.ResourceNotFoundException: token can't be generated]
2022-05-19 23:15:35.423  INFO [,99015fde34c5b638,99015fde34c5b638] 18836 --- [http-nio-9085-exec-3] c.c.controller.PensionController         : STARTED - doLogin
2022-05-19 23:15:35.438 ERROR [,99015fde34c5b638,99015fde34c5b638] 18836 --- [http-nio-9085-exec-3] c.c.controller.PensionController         : EXCEPTION - doLogin
2022-05-19 23:15:35.439  WARN [,99015fde34c5b638,99015fde34c5b638] 18836 --- [http-nio-9085-exec-3] .w.s.m.a.ResponseStatusExceptionResolver : Resolved [com.cognizant.exception.ResourceNotFoundException: token can't be generated]
2022-05-19 23:18:59.869  INFO [,ef2ded20c300223e,ef2ded20c300223e] 18836 --- [http-nio-9085-exec-5] c.c.controller.PensionController         : STARTED - doLogin
2022-05-19 23:19:00.295  INFO [,ef2ded20c300223e,ef2ded20c300223e] 18836 --- [http-nio-9085-exec-5] c.c.controller.PensionController         : END - doLogin
2022-05-19 23:19:01.084  INFO [,f52863c3734d1936,f52863c3734d1936] 18836 --- [http-nio-9085-exec-7] c.c.controller.PensionController         : STARTED - allDetail
2022-05-19 23:19:01.816  INFO [,f52863c3734d1936,f52863c3734d1936] 18836 --- [http-nio-9085-exec-7] c.c.controller.PensionController         : END - allDetail
2022-05-19 23:19:38.723  INFO [,d60b316e0e24f45a,d60b316e0e24f45a] 18836 --- [http-nio-9085-exec-9] c.c.controller.PensionController         : STARTED - doLogin
2022-05-19 23:19:38.733  INFO [,d60b316e0e24f45a,d60b316e0e24f45a] 18836 --- [http-nio-9085-exec-9] c.c.controller.PensionController         : END - doLogin
2022-05-19 23:19:39.336  INFO [,badf5bf9dbf3977b,badf5bf9dbf3977b] 18836 --- [http-nio-9085-exec-10] c.c.controller.PensionController         : STARTED - allDetail
2022-05-19 23:19:39.364  INFO [,badf5bf9dbf3977b,badf5bf9dbf3977b] 18836 --- [http-nio-9085-exec-10] c.c.controller.PensionController         : END - allDetail
2022-05-19 23:23:18.190  INFO [,840e793d0307e109,840e793d0307e109] 18836 --- [http-nio-9085-exec-3] c.c.controller.PensionController         : STARTED - getPensionDetail
2022-05-19 23:23:18.489 ERROR [,,] 18836 --- [http-nio-9085-exec-3] o.a.c.c.C.[.[.[/].[dispatcherServlet]    : Servlet.service() for servlet [dispatcherServlet] in context with path [] threw exception [Request processing failed; nested exception is feign.FeignException$NotFound: [404] during [POST] to [http://localhost:9084/pensionerInput] [ProcessPensionClient#getPensionDetail(String,PensionerInput)]: [{"message":"Pensioner Detail not coreect","statusCode":404,"exceptionTime":1652982798464}]] with root cause

feign.FeignException$NotFound: [404] during [POST] to [http://localhost:9084/pensionerInput] [ProcessPensionClient#getPensionDetail(String,PensionerInput)]: [{"message":"Pensioner Detail not coreect","statusCode":404,"exceptionTime":1652982798464}]
	at feign.FeignException.clientErrorStatus(FeignException.java:201) ~[feign-core-10.12.jar:na]
	at feign.FeignException.errorStatus(FeignException.java:177) ~[feign-core-10.12.jar:na]
	at feign.FeignException.errorStatus(FeignException.java:169) ~[feign-core-10.12.jar:na]
	at feign.codec.ErrorDecoder$Default.decode(ErrorDecoder.java:92) ~[feign-core-10.12.jar:na]
	at feign.AsyncResponseHandler.handleResponse(AsyncResponseHandler.java:96) ~[feign-core-10.12.jar:na]
	at feign.SynchronousMethodHandler.executeAndDecode(SynchronousMethodHandler.java:138) ~[feign-core-10.12.jar:na]
	at feign.SynchronousMethodHandler.invoke(SynchronousMethodHandler.java:89) ~[feign-core-10.12.jar:na]
	at feign.ReflectiveFeign$FeignInvocationHandler.invoke(ReflectiveFeign.java:100) ~[feign-core-10.12.jar:na]
	at com.sun.proxy.$Proxy112.getPensionDetail(Unknown Source) ~[na:na]
	at com.cognizant.controller.PensionController.getPensionDetail(PensionController.java:104) ~[classes/:na]
	at java.base/jdk.internal.reflect.NativeMethodAccessorImpl.invoke0(Native Method) ~[na:na]
	at java.base/jdk.internal.reflect.NativeMethodAccessorImpl.invoke(NativeMethodAccessorImpl.java:64) ~[na:na]
	at java.base/jdk.internal.reflect.DelegatingMethodAccessorImpl.invoke(DelegatingMethodAccessorImpl.java:43) ~[na:na]
	at java.base/java.lang.reflect.Method.invoke(Method.java:564) ~[na:na]
	at org.springframework.web.method.support.InvocableHandlerMethod.doInvoke(InvocableHandlerMethod.java:197) ~[spring-web-5.3.9.jar:5.3.9]
	at org.springframework.web.method.support.InvocableHandlerMethod.invokeForRequest(InvocableHandlerMethod.java:141) ~[spring-web-5.3.9.jar:5.3.9]
	at org.springframework.web.servlet.mvc.method.annotation.ServletInvocableHandlerMethod.invokeAndHandle(ServletInvocableHandlerMethod.java:106) ~[spring-webmvc-5.3.9.jar:5.3.9]
	at org.springframework.web.servlet.mvc.method.annotation.RequestMappingHandlerAdapter.invokeHandlerMethod(RequestMappingHandlerAdapter.java:895) ~[spring-webmvc-5.3.9.jar:5.3.9]
	at org.springframework.web.servlet.mvc.method.annotation.RequestMappingHandlerAdapter.handleInternal(RequestMappingHandlerAdapter.java:808) ~[spring-webmvc-5.3.9.jar:5.3.9]
	at org.springframework.web.servlet.mvc.method.AbstractHandlerMethodAdapter.handle(AbstractHandlerMethodAdapter.java:87) ~[spring-webmvc-5.3.9.jar:5.3.9]
	at org.springframework.web.servlet.DispatcherServlet.doDispatch(DispatcherServlet.java:1064) ~[spring-webmvc-5.3.9.jar:5.3.9]
	at org.springframework.web.servlet.DispatcherServlet.doService(DispatcherServlet.java:963) ~[spring-webmvc-5.3.9.jar:5.3.9]
	at org.springframework.web.servlet.FrameworkServlet.processRequest(FrameworkServlet.java:1006) ~[spring-webmvc-5.3.9.jar:5.3.9]
	at org.springframework.web.servlet.FrameworkServlet.doPost(FrameworkServlet.java:909) ~[spring-webmvc-5.3.9.jar:5.3.9]
	at javax.servlet.http.HttpServlet.service(HttpServlet.java:681) ~[tomcat-embed-core-9.0.50.jar:4.0.FR]
	at org.springframework.web.servlet.FrameworkServlet.service(FrameworkServlet.java:883) ~[spring-webmvc-5.3.9.jar:5.3.9]
	at javax.servlet.http.HttpServlet.service(HttpServlet.java:764) ~[tomcat-embed-core-9.0.50.jar:4.0.FR]
	at org.apache.catalina.core.ApplicationFilterChain.internalDoFilter(ApplicationFilterChain.java:228) ~[tomcat-embed-core-9.0.50.jar:9.0.50]
	at org.apache.catalina.core.ApplicationFilterChain.doFilter(ApplicationFilterChain.java:163) ~[tomcat-embed-core-9.0.50.jar:9.0.50]
	at org.apache.tomcat.websocket.server.WsFilter.doFilter(WsFilter.java:53) ~[tomcat-embed-websocket-9.0.50.jar:9.0.50]
	at org.apache.catalina.core.ApplicationFilterChain.internalDoFilter(ApplicationFilterChain.java:190) ~[tomcat-embed-core-9.0.50.jar:9.0.50]
	at org.apache.catalina.core.ApplicationFilterChain.doFilter(ApplicationFilterChain.java:163) ~[tomcat-embed-core-9.0.50.jar:9.0.50]
	at org.springframework.web.filter.RequestContextFilter.doFilterInternal(RequestContextFilter.java:100) ~[spring-web-5.3.9.jar:5.3.9]
	at org.springframework.web.filter.OncePerRequestFilter.doFilter(OncePerRequestFilter.java:119) ~[spring-web-5.3.9.jar:5.3.9]
	at org.apache.catalina.core.ApplicationFilterChain.internalDoFilter(ApplicationFilterChain.java:190) ~[tomcat-embed-core-9.0.50.jar:9.0.50]
	at org.apache.catalina.core.ApplicationFilterChain.doFilter(ApplicationFilterChain.java:163) ~[tomcat-embed-core-9.0.50.jar:9.0.50]
	at org.springframework.web.filter.FormContentFilter.doFilterInternal(FormContentFilter.java:93) ~[spring-web-5.3.9.jar:5.3.9]
	at org.springframework.web.filter.OncePerRequestFilter.doFilter(OncePerRequestFilter.java:119) ~[spring-web-5.3.9.jar:5.3.9]
	at org.apache.catalina.core.ApplicationFilterChain.internalDoFilter(ApplicationFilterChain.java:190) ~[tomcat-embed-core-9.0.50.jar:9.0.50]
	at org.apache.catalina.core.ApplicationFilterChain.doFilter(ApplicationFilterChain.java:163) ~[tomcat-embed-core-9.0.50.jar:9.0.50]
	at org.springframework.cloud.sleuth.instrument.web.servlet.TracingFilter.doFilter(TracingFilter.java:89) ~[spring-cloud-sleuth-instrumentation-3.0.3.jar:3.0.3]
	at org.springframework.cloud.sleuth.autoconfig.instrument.web.LazyTracingFilter.doFilter(TraceWebServletConfiguration.java:114) ~[spring-cloud-sleuth-autoconfigure-3.0.3.jar:3.0.3]
	at org.apache.catalina.core.ApplicationFilterChain.internalDoFilter(ApplicationFilterChain.java:190) ~[tomcat-embed-core-9.0.50.jar:9.0.50]
	at org.apache.catalina.core.ApplicationFilterChain.doFilter(ApplicationFilterChain.java:163) ~[tomcat-embed-core-9.0.50.jar:9.0.50]
	at org.springframework.web.filter.CharacterEncodingFilter.doFilterInternal(CharacterEncodingFilter.java:201) ~[spring-web-5.3.9.jar:5.3.9]
	at org.springframework.web.filter.OncePerRequestFilter.doFilter(OncePerRequestFilter.java:119) ~[spring-web-5.3.9.jar:5.3.9]
	at org.apache.catalina.core.ApplicationFilterChain.internalDoFilter(ApplicationFilterChain.java:190) ~[tomcat-embed-core-9.0.50.jar:9.0.50]
	at org.apache.catalina.core.ApplicationFilterChain.doFilter(ApplicationFilterChain.java:163) ~[tomcat-embed-core-9.0.50.jar:9.0.50]
	at org.apache.catalina.core.StandardWrapperValve.invoke(StandardWrapperValve.java:202) ~[tomcat-embed-core-9.0.50.jar:9.0.50]
	at org.apache.catalina.core.StandardContextValve.invoke(StandardContextValve.java:97) ~[tomcat-embed-core-9.0.50.jar:9.0.50]
	at org.apache.catalina.authenticator.AuthenticatorBase.invoke(AuthenticatorBase.java:542) ~[tomcat-embed-core-9.0.50.jar:9.0.50]
	at org.apache.catalina.core.StandardHostValve.invoke(StandardHostValve.java:143) ~[tomcat-embed-core-9.0.50.jar:9.0.50]
	at org.apache.catalina.valves.ErrorReportValve.invoke(ErrorReportValve.java:92) ~[tomcat-embed-core-9.0.50.jar:9.0.50]
	at org.apache.catalina.core.StandardEngineValve.invoke(StandardEngineValve.java:78) ~[tomcat-embed-core-9.0.50.jar:9.0.50]
	at org.apache.catalina.connector.CoyoteAdapter.service(CoyoteAdapter.java:357) ~[tomcat-embed-core-9.0.50.jar:9.0.50]
	at org.apache.coyote.http11.Http11Processor.service(Http11Processor.java:382) ~[tomcat-embed-core-9.0.50.jar:9.0.50]
	at org.apache.coyote.AbstractProcessorLight.process(AbstractProcessorLight.java:65) ~[tomcat-embed-core-9.0.50.jar:9.0.50]
	at org.apache.coyote.AbstractProtocol$ConnectionHandler.process(AbstractProtocol.java:893) ~[tomcat-embed-core-9.0.50.jar:9.0.50]
	at org.apache.tomcat.util.net.NioEndpoint$SocketProcessor.doRun(NioEndpoint.java:1723) ~[tomcat-embed-core-9.0.50.jar:9.0.50]
	at org.apache.tomcat.util.net.SocketProcessorBase.run(SocketProcessorBase.java:49) ~[tomcat-embed-core-9.0.50.jar:9.0.50]
	at java.base/java.util.concurrent.ThreadPoolExecutor.runWorker(ThreadPoolExecutor.java:1130) ~[na:na]
	at java.base/java.util.concurrent.ThreadPoolExecutor$Worker.run(ThreadPoolExecutor.java:630) ~[na:na]
	at org.apache.tomcat.util.threads.TaskThread$WrappingRunnable.run(TaskThread.java:61) ~[tomcat-embed-core-9.0.50.jar:9.0.50]
	at java.base/java.lang.Thread.run(Thread.java:832) ~[na:na]

2022-05-19 23:23:18.547  INFO [,7c51f0d8ad76dbda,7c51f0d8ad76dbda] 18836 --- [http-nio-9085-exec-4] c.c.controller.PensionController         : STARTED - getPensionDetail
2022-05-19 23:23:18.613 ERROR [,,] 18836 --- [http-nio-9085-exec-4] o.a.c.c.C.[.[.[/].[dispatcherServlet]    : Servlet.service() for servlet [dispatcherServlet] in context with path [] threw exception [Request processing failed; nested exception is feign.FeignException$NotFound: [404] during [POST] to [http://localhost:9084/pensionerInput] [ProcessPensionClient#getPensionDetail(String,PensionerInput)]: [{"message":"Pensioner Detail not coreect","statusCode":404,"exceptionTime":1652982798608}]] with root cause

feign.FeignException$NotFound: [404] during [POST] to [http://localhost:9084/pensionerInput] [ProcessPensionClient#getPensionDetail(String,PensionerInput)]: [{"message":"Pensioner Detail not coreect","statusCode":404,"exceptionTime":1652982798608}]
	at feign.FeignException.clientErrorStatus(FeignException.java:201) ~[feign-core-10.12.jar:na]
	at feign.FeignException.errorStatus(FeignException.java:177) ~[feign-core-10.12.jar:na]
	at feign.FeignException.errorStatus(FeignException.java:169) ~[feign-core-10.12.jar:na]
	at feign.codec.ErrorDecoder$Default.decode(ErrorDecoder.java:92) ~[feign-core-10.12.jar:na]
	at feign.AsyncResponseHandler.handleResponse(AsyncResponseHandler.java:96) ~[feign-core-10.12.jar:na]
	at feign.SynchronousMethodHandler.executeAndDecode(SynchronousMethodHandler.java:138) ~[feign-core-10.12.jar:na]
	at feign.SynchronousMethodHandler.invoke(SynchronousMethodHandler.java:89) ~[feign-core-10.12.jar:na]
	at feign.ReflectiveFeign$FeignInvocationHandler.invoke(ReflectiveFeign.java:100) ~[feign-core-10.12.jar:na]
	at com.sun.proxy.$Proxy112.getPensionDetail(Unknown Source) ~[na:na]
	at com.cognizant.controller.PensionController.getPensionDetail(PensionController.java:104) ~[classes/:na]
	at java.base/jdk.internal.reflect.NativeMethodAccessorImpl.invoke0(Native Method) ~[na:na]
	at java.base/jdk.internal.reflect.NativeMethodAccessorImpl.invoke(NativeMethodAccessorImpl.java:64) ~[na:na]
	at java.base/jdk.internal.reflect.DelegatingMethodAccessorImpl.invoke(DelegatingMethodAccessorImpl.java:43) ~[na:na]
	at java.base/java.lang.reflect.Method.invoke(Method.java:564) ~[na:na]
	at org.springframework.web.method.support.InvocableHandlerMethod.doInvoke(InvocableHandlerMethod.java:197) ~[spring-web-5.3.9.jar:5.3.9]
	at org.springframework.web.method.support.InvocableHandlerMethod.invokeForRequest(InvocableHandlerMethod.java:141) ~[spring-web-5.3.9.jar:5.3.9]
	at org.springframework.web.servlet.mvc.method.annotation.ServletInvocableHandlerMethod.invokeAndHandle(ServletInvocableHandlerMethod.java:106) ~[spring-webmvc-5.3.9.jar:5.3.9]
	at org.springframework.web.servlet.mvc.method.annotation.RequestMappingHandlerAdapter.invokeHandlerMethod(RequestMappingHandlerAdapter.java:895) ~[spring-webmvc-5.3.9.jar:5.3.9]
	at org.springframework.web.servlet.mvc.method.annotation.RequestMappingHandlerAdapter.handleInternal(RequestMappingHandlerAdapter.java:808) ~[spring-webmvc-5.3.9.jar:5.3.9]
	at org.springframework.web.servlet.mvc.method.AbstractHandlerMethodAdapter.handle(AbstractHandlerMethodAdapter.java:87) ~[spring-webmvc-5.3.9.jar:5.3.9]
	at org.springframework.web.servlet.DispatcherServlet.doDispatch(DispatcherServlet.java:1064) ~[spring-webmvc-5.3.9.jar:5.3.9]
	at org.springframework.web.servlet.DispatcherServlet.doService(DispatcherServlet.java:963) ~[spring-webmvc-5.3.9.jar:5.3.9]
	at org.springframework.web.servlet.FrameworkServlet.processRequest(FrameworkServlet.java:1006) ~[spring-webmvc-5.3.9.jar:5.3.9]
	at org.springframework.web.servlet.FrameworkServlet.doPost(FrameworkServlet.java:909) ~[spring-webmvc-5.3.9.jar:5.3.9]
	at javax.servlet.http.HttpServlet.service(HttpServlet.java:681) ~[tomcat-embed-core-9.0.50.jar:4.0.FR]
	at org.springframework.web.servlet.FrameworkServlet.service(FrameworkServlet.java:883) ~[spring-webmvc-5.3.9.jar:5.3.9]
	at javax.servlet.http.HttpServlet.service(HttpServlet.java:764) ~[tomcat-embed-core-9.0.50.jar:4.0.FR]
	at org.apache.catalina.core.ApplicationFilterChain.internalDoFilter(ApplicationFilterChain.java:228) ~[tomcat-embed-core-9.0.50.jar:9.0.50]
	at org.apache.catalina.core.ApplicationFilterChain.doFilter(ApplicationFilterChain.java:163) ~[tomcat-embed-core-9.0.50.jar:9.0.50]
	at org.apache.tomcat.websocket.server.WsFilter.doFilter(WsFilter.java:53) ~[tomcat-embed-websocket-9.0.50.jar:9.0.50]
	at org.apache.catalina.core.ApplicationFilterChain.internalDoFilter(ApplicationFilterChain.java:190) ~[tomcat-embed-core-9.0.50.jar:9.0.50]
	at org.apache.catalina.core.ApplicationFilterChain.doFilter(ApplicationFilterChain.java:163) ~[tomcat-embed-core-9.0.50.jar:9.0.50]
	at org.springframework.web.filter.RequestContextFilter.doFilterInternal(RequestContextFilter.java:100) ~[spring-web-5.3.9.jar:5.3.9]
	at org.springframework.web.filter.OncePerRequestFilter.doFilter(OncePerRequestFilter.java:119) ~[spring-web-5.3.9.jar:5.3.9]
	at org.apache.catalina.core.ApplicationFilterChain.internalDoFilter(ApplicationFilterChain.java:190) ~[tomcat-embed-core-9.0.50.jar:9.0.50]
	at org.apache.catalina.core.ApplicationFilterChain.doFilter(ApplicationFilterChain.java:163) ~[tomcat-embed-core-9.0.50.jar:9.0.50]
	at org.springframework.web.filter.FormContentFilter.doFilterInternal(FormContentFilter.java:93) ~[spring-web-5.3.9.jar:5.3.9]
	at org.springframework.web.filter.OncePerRequestFilter.doFilter(OncePerRequestFilter.java:119) ~[spring-web-5.3.9.jar:5.3.9]
	at org.apache.catalina.core.ApplicationFilterChain.internalDoFilter(ApplicationFilterChain.java:190) ~[tomcat-embed-core-9.0.50.jar:9.0.50]
	at org.apache.catalina.core.ApplicationFilterChain.doFilter(ApplicationFilterChain.java:163) ~[tomcat-embed-core-9.0.50.jar:9.0.50]
	at org.springframework.cloud.sleuth.instrument.web.servlet.TracingFilter.doFilter(TracingFilter.java:89) ~[spring-cloud-sleuth-instrumentation-3.0.3.jar:3.0.3]
	at org.springframework.cloud.sleuth.autoconfig.instrument.web.LazyTracingFilter.doFilter(TraceWebServletConfiguration.java:114) ~[spring-cloud-sleuth-autoconfigure-3.0.3.jar:3.0.3]
	at org.apache.catalina.core.ApplicationFilterChain.internalDoFilter(ApplicationFilterChain.java:190) ~[tomcat-embed-core-9.0.50.jar:9.0.50]
	at org.apache.catalina.core.ApplicationFilterChain.doFilter(ApplicationFilterChain.java:163) ~[tomcat-embed-core-9.0.50.jar:9.0.50]
	at org.springframework.web.filter.CharacterEncodingFilter.doFilterInternal(CharacterEncodingFilter.java:201) ~[spring-web-5.3.9.jar:5.3.9]
	at org.springframework.web.filter.OncePerRequestFilter.doFilter(OncePerRequestFilter.java:119) ~[spring-web-5.3.9.jar:5.3.9]
	at org.apache.catalina.core.ApplicationFilterChain.internalDoFilter(ApplicationFilterChain.java:190) ~[tomcat-embed-core-9.0.50.jar:9.0.50]
	at org.apache.catalina.core.ApplicationFilterChain.doFilter(ApplicationFilterChain.java:163) ~[tomcat-embed-core-9.0.50.jar:9.0.50]
	at org.apache.catalina.core.StandardWrapperValve.invoke(StandardWrapperValve.java:202) ~[tomcat-embed-core-9.0.50.jar:9.0.50]
	at org.apache.catalina.core.StandardContextValve.invoke(StandardContextValve.java:97) ~[tomcat-embed-core-9.0.50.jar:9.0.50]
	at org.apache.catalina.authenticator.AuthenticatorBase.invoke(AuthenticatorBase.java:542) ~[tomcat-embed-core-9.0.50.jar:9.0.50]
	at org.apache.catalina.core.StandardHostValve.invoke(StandardHostValve.java:143) ~[tomcat-embed-core-9.0.50.jar:9.0.50]
	at org.apache.catalina.valves.ErrorReportValve.invoke(ErrorReportValve.java:92) ~[tomcat-embed-core-9.0.50.jar:9.0.50]
	at org.apache.catalina.core.StandardEngineValve.invoke(StandardEngineValve.java:78) ~[tomcat-embed-core-9.0.50.jar:9.0.50]
	at org.apache.catalina.connector.CoyoteAdapter.service(CoyoteAdapter.java:357) ~[tomcat-embed-core-9.0.50.jar:9.0.50]
	at org.apache.coyote.http11.Http11Processor.service(Http11Processor.java:382) ~[tomcat-embed-core-9.0.50.jar:9.0.50]
	at org.apache.coyote.AbstractProcessorLight.process(AbstractProcessorLight.java:65) ~[tomcat-embed-core-9.0.50.jar:9.0.50]
	at org.apache.coyote.AbstractProtocol$ConnectionHandler.process(AbstractProtocol.java:893) ~[tomcat-embed-core-9.0.50.jar:9.0.50]
	at org.apache.tomcat.util.net.NioEndpoint$SocketProcessor.doRun(NioEndpoint.java:1723) ~[tomcat-embed-core-9.0.50.jar:9.0.50]
	at org.apache.tomcat.util.net.SocketProcessorBase.run(SocketProcessorBase.java:49) ~[tomcat-embed-core-9.0.50.jar:9.0.50]
	at java.base/java.util.concurrent.ThreadPoolExecutor.runWorker(ThreadPoolExecutor.java:1130) ~[na:na]
	at java.base/java.util.concurrent.ThreadPoolExecutor$Worker.run(ThreadPoolExecutor.java:630) ~[na:na]
	at org.apache.tomcat.util.threads.TaskThread$WrappingRunnable.run(TaskThread.java:61) ~[tomcat-embed-core-9.0.50.jar:9.0.50]
	at java.base/java.lang.Thread.run(Thread.java:832) ~[na:na]

2022-05-19 23:26:26.412  INFO [,82669a7e8647d108,82669a7e8647d108] 18836 --- [http-nio-9085-exec-5] c.c.controller.PensionController         : STARTED - getPensionDetail
2022-05-19 23:26:26.564  INFO [,82669a7e8647d108,82669a7e8647d108] 18836 --- [http-nio-9085-exec-5] c.c.controller.PensionController         : END - getPensionDetail
2022-05-19 23:27:21.987  INFO [,7666262694498066,7666262694498066] 18836 --- [http-nio-9085-exec-7] c.c.controller.PensionController         : STARTED - getStatusCode
2022-05-19 23:27:22.002  INFO [,7666262694498066,7666262694498066] 18836 --- [http-nio-9085-exec-7] c.c.controller.PensionController         : END - getStatusCode
2022-05-19 23:41:51.119  INFO [,d3936cc84733090c,d3936cc84733090c] 18836 --- [http-nio-9085-exec-9] c.c.controller.PensionController         : STARTED - allDetail
2022-05-19 23:41:51.151  INFO [,d3936cc84733090c,d3936cc84733090c] 18836 --- [http-nio-9085-exec-9] c.c.controller.PensionController         : END - allDetail
2022-05-19 23:41:55.741  INFO [,14605ab2142feedf,14605ab2142feedf] 18836 --- [http-nio-9085-exec-10] c.c.controller.PensionController         : STARTED - allDetail
2022-05-19 23:41:55.772  INFO [,14605ab2142feedf,14605ab2142feedf] 18836 --- [http-nio-9085-exec-10] c.c.controller.PensionController         : END - allDetail
2022-05-19 23:45:03.309  INFO [,,] 20892 --- [restartedMain] c.c.PensionManagementPortalApplication   : Starting PensionManagementPortalApplication using Java 15.0.2 on LTIN300273 with PID 20892 (C:\Users\893891\saibackend\PensionManagementSystem-master (1)\PensionManagementSystem-master\Pension-Management-portal\target\classes started by 893891 in C:\Users\893891\saibackend\PensionManagementSystem-master (1)\PensionManagementSystem-master\Pension-Management-portal)
2022-05-19 23:45:03.313  INFO [,,] 20892 --- [restartedMain] c.c.PensionManagementPortalApplication   : No active profile set, falling back to default profiles: default
2022-05-19 23:45:03.418  INFO [,,] 20892 --- [restartedMain] .e.DevToolsPropertyDefaultsPostProcessor : Devtools property defaults active! Set 'spring.devtools.add-properties' to 'false' to disable
2022-05-19 23:45:03.419  INFO [,,] 20892 --- [restartedMain] .e.DevToolsPropertyDefaultsPostProcessor : For additional web related logging consider setting the 'logging.level.web' property to 'DEBUG'
2022-05-19 23:45:05.178  INFO [,,] 20892 --- [restartedMain] .s.d.r.c.RepositoryConfigurationDelegate : Bootstrapping Spring Data JPA repositories in DEFAULT mode.
2022-05-19 23:45:05.212  INFO [,,] 20892 --- [restartedMain] .s.d.r.c.RepositoryConfigurationDelegate : Finished Spring Data repository scanning in 16 ms. Found 0 JPA repository interfaces.
2022-05-19 23:45:05.775  INFO [,,] 20892 --- [restartedMain] o.s.cloud.context.scope.GenericScope     : BeanFactory id=b6efebc2-bb64-3a73-b714-eba9624e96b9
2022-05-19 23:45:07.323  INFO [,,] 20892 --- [restartedMain] o.s.b.w.embedded.tomcat.TomcatWebServer  : Tomcat initialized with port(s): 9085 (http)
2022-05-19 23:45:07.354  INFO [,,] 20892 --- [restartedMain] o.apache.catalina.core.StandardService   : Starting service [Tomcat]
2022-05-19 23:45:07.355  INFO [,,] 20892 --- [restartedMain] org.apache.catalina.core.StandardEngine  : Starting Servlet engine: [Apache Tomcat/9.0.50]
2022-05-19 23:45:07.580  INFO [,,] 20892 --- [restartedMain] o.a.c.c.C.[Tomcat].[localhost].[/]       : Initializing Spring embedded WebApplicationContext
2022-05-19 23:45:07.581  INFO [,,] 20892 --- [restartedMain] w.s.c.ServletWebServerApplicationContext : Root WebApplicationContext: initialization completed in 4161 ms
2022-05-19 23:45:07.721  INFO [,,] 20892 --- [restartedMain] com.zaxxer.hikari.HikariDataSource       : HikariPool-1 - Starting...
2022-05-19 23:45:08.075  INFO [,,] 20892 --- [restartedMain] com.zaxxer.hikari.HikariDataSource       : HikariPool-1 - Start completed.
2022-05-19 23:45:08.085  INFO [,,] 20892 --- [restartedMain] o.s.b.a.h2.H2ConsoleAutoConfiguration    : H2 console available at '/h2-console'. Database available at 'jdbc:h2:mem:7b424cb7-4e93-4412-b3f0-78bfaa271866'
2022-05-19 23:45:08.990  INFO [,,] 20892 --- [restartedMain] o.hibernate.jpa.internal.util.LogHelper  : HHH000204: Processing PersistenceUnitInfo [name: default]
2022-05-19 23:45:09.084  INFO [,,] 20892 --- [restartedMain] org.hibernate.Version                    : HHH000412: Hibernate ORM core version 5.4.32.Final
2022-05-19 23:45:09.329  INFO [,,] 20892 --- [restartedMain] o.hibernate.annotations.common.Version   : HCANN000001: Hibernate Commons Annotations {5.1.2.Final}
2022-05-19 23:45:09.585  INFO [,,] 20892 --- [restartedMain] org.hibernate.dialect.Dialect            : HHH000400: Using dialect: org.hibernate.dialect.H2Dialect
2022-05-19 23:45:09.962  INFO [,,] 20892 --- [restartedMain] o.h.e.t.j.p.i.JtaPlatformInitiator       : HHH000490: Using JtaPlatform implementation: [org.hibernate.engine.transaction.jta.platform.internal.NoJtaPlatform]
2022-05-19 23:45:09.985  INFO [,,] 20892 --- [restartedMain] j.LocalContainerEntityManagerFactoryBean : Initialized JPA EntityManagerFactory for persistence unit 'default'
2022-05-19 23:45:10.073  WARN [,,] 20892 --- [restartedMain] o.s.b.d.a.OptionalLiveReloadServer       : Unable to start LiveReload server
2022-05-19 23:45:10.352  WARN [,,] 20892 --- [restartedMain] JpaBaseConfiguration$JpaWebConfiguration : spring.jpa.open-in-view is enabled by default. Therefore, database queries may be performed during view rendering. Explicitly configure spring.jpa.open-in-view to disable this warning
2022-05-19 23:45:12.859  INFO [,,] 20892 --- [restartedMain] o.s.b.w.embedded.tomcat.TomcatWebServer  : Tomcat started on port(s): 9085 (http) with context path ''
2022-05-19 23:45:12.974  INFO [,,] 20892 --- [restartedMain] d.s.w.p.DocumentationPluginsBootstrapper : Context refreshed
2022-05-19 23:45:13.004  INFO [,,] 20892 --- [restartedMain] d.s.w.p.DocumentationPluginsBootstrapper : Found 1 custom documentation plugin(s)
2022-05-19 23:45:13.029  INFO [,,] 20892 --- [restartedMain] s.d.s.w.s.ApiListingReferenceScanner     : Scanning for api listing references
2022-05-19 23:45:13.281  INFO [,,] 20892 --- [restartedMain] c.c.PensionManagementPortalApplication   : Started PensionManagementPortalApplication in 10.784 seconds (JVM running for 11.836)
2022-05-19 23:45:43.595  INFO [,,] 20892 --- [http-nio-9085-exec-1] o.a.c.c.C.[Tomcat].[localhost].[/]       : Initializing Spring DispatcherServlet 'dispatcherServlet'
2022-05-19 23:45:43.596  INFO [,,] 20892 --- [http-nio-9085-exec-1] o.s.web.servlet.DispatcherServlet        : Initializing Servlet 'dispatcherServlet'
2022-05-19 23:45:43.598  INFO [,,] 20892 --- [http-nio-9085-exec-1] o.s.web.servlet.DispatcherServlet        : Completed initialization in 2 ms
2022-05-19 23:45:43.843  INFO [,65edefcf25acf37d,65edefcf25acf37d] 20892 --- [http-nio-9085-exec-1] c.c.controller.PensionController         : STARTED - allDetail
2022-05-19 23:45:44.688  INFO [,65edefcf25acf37d,65edefcf25acf37d] 20892 --- [http-nio-9085-exec-1] c.c.controller.PensionController         : END - allDetail
2022-05-19 23:45:46.876  INFO [,58b91059066d759a,58b91059066d759a] 20892 --- [http-nio-9085-exec-2] c.c.controller.PensionController         : STARTED - allDetail
2022-05-19 23:45:46.916  INFO [,58b91059066d759a,58b91059066d759a] 20892 --- [http-nio-9085-exec-2] c.c.controller.PensionController         : END - allDetail
2022-05-19 23:45:48.560  INFO [,904dcf749f8f5379,904dcf749f8f5379] 20892 --- [http-nio-9085-exec-5] c.c.controller.PensionController         : STARTED - allDetail
2022-05-19 23:45:48.600  INFO [,904dcf749f8f5379,904dcf749f8f5379] 20892 --- [http-nio-9085-exec-5] c.c.controller.PensionController         : END - allDetail
2022-05-19 23:47:08.161  INFO [,a010da95e744e247,a010da95e744e247] 20892 --- [http-nio-9085-exec-9] c.c.controller.PensionController         : STARTED - doLogin
2022-05-19 23:47:09.034  INFO [,a010da95e744e247,a010da95e744e247] 20892 --- [http-nio-9085-exec-9] c.c.controller.PensionController         : END - doLogin
2022-05-19 23:47:09.683  INFO [,42d2494ba22de554,42d2494ba22de554] 20892 --- [http-nio-9085-exec-6] c.c.controller.PensionController         : STARTED - allDetail
2022-05-19 23:47:09.715  INFO [,42d2494ba22de554,42d2494ba22de554] 20892 --- [http-nio-9085-exec-6] c.c.controller.PensionController         : END - allDetail
2022-05-19 23:47:16.725  INFO [,a37fc95c85f317c4,a37fc95c85f317c4] 20892 --- [http-nio-9085-exec-10] c.c.controller.PensionController         : STARTED - allDetail
2022-05-19 23:47:16.760  INFO [,a37fc95c85f317c4,a37fc95c85f317c4] 20892 --- [http-nio-9085-exec-10] c.c.controller.PensionController         : END - allDetail
2022-05-19 23:52:40.428  INFO [,,] 25036 --- [restartedMain] c.c.PensionManagementPortalApplication   : Starting PensionManagementPortalApplication using Java 15.0.2 on LTIN300273 with PID 25036 (C:\Users\893891\saibackend\PensionManagementSystem-master (1)\PensionManagementSystem-master\Pension-Management-portal\target\classes started by 893891 in C:\Users\893891\saibackend\PensionManagementSystem-master (1)\PensionManagementSystem-master\Pension-Management-portal)
2022-05-19 23:52:40.433  INFO [,,] 25036 --- [restartedMain] c.c.PensionManagementPortalApplication   : No active profile set, falling back to default profiles: default
2022-05-19 23:52:40.537  INFO [,,] 25036 --- [restartedMain] .e.DevToolsPropertyDefaultsPostProcessor : Devtools property defaults active! Set 'spring.devtools.add-properties' to 'false' to disable
2022-05-19 23:52:40.538  INFO [,,] 25036 --- [restartedMain] .e.DevToolsPropertyDefaultsPostProcessor : For additional web related logging consider setting the 'logging.level.web' property to 'DEBUG'
2022-05-19 23:52:42.366  INFO [,,] 25036 --- [restartedMain] .s.d.r.c.RepositoryConfigurationDelegate : Bootstrapping Spring Data JPA repositories in DEFAULT mode.
2022-05-19 23:52:42.402  INFO [,,] 25036 --- [restartedMain] .s.d.r.c.RepositoryConfigurationDelegate : Finished Spring Data repository scanning in 17 ms. Found 0 JPA repository interfaces.
2022-05-19 23:52:42.942  INFO [,,] 25036 --- [restartedMain] o.s.cloud.context.scope.GenericScope     : BeanFactory id=b6efebc2-bb64-3a73-b714-eba9624e96b9
2022-05-19 23:52:44.551  INFO [,,] 25036 --- [restartedMain] o.s.b.w.embedded.tomcat.TomcatWebServer  : Tomcat initialized with port(s): 9085 (http)
2022-05-19 23:52:44.572  INFO [,,] 25036 --- [restartedMain] o.apache.catalina.core.StandardService   : Starting service [Tomcat]
2022-05-19 23:52:44.572  INFO [,,] 25036 --- [restartedMain] org.apache.catalina.core.StandardEngine  : Starting Servlet engine: [Apache Tomcat/9.0.50]
2022-05-19 23:52:44.766  INFO [,,] 25036 --- [restartedMain] o.a.c.c.C.[Tomcat].[localhost].[/]       : Initializing Spring embedded WebApplicationContext
2022-05-19 23:52:44.766  INFO [,,] 25036 --- [restartedMain] w.s.c.ServletWebServerApplicationContext : Root WebApplicationContext: initialization completed in 4226 ms
2022-05-19 23:52:44.901  INFO [,,] 25036 --- [restartedMain] com.zaxxer.hikari.HikariDataSource       : HikariPool-1 - Starting...
2022-05-19 23:52:45.262  INFO [,,] 25036 --- [restartedMain] com.zaxxer.hikari.HikariDataSource       : HikariPool-1 - Start completed.
2022-05-19 23:52:45.276  INFO [,,] 25036 --- [restartedMain] o.s.b.a.h2.H2ConsoleAutoConfiguration    : H2 console available at '/h2-console'. Database available at 'jdbc:h2:mem:3b793287-1a7a-49f8-a758-233a88d68b2f'
2022-05-19 23:52:46.149  INFO [,,] 25036 --- [restartedMain] o.hibernate.jpa.internal.util.LogHelper  : HHH000204: Processing PersistenceUnitInfo [name: default]
2022-05-19 23:52:46.254  INFO [,,] 25036 --- [restartedMain] org.hibernate.Version                    : HHH000412: Hibernate ORM core version 5.4.32.Final
2022-05-19 23:52:46.544  INFO [,,] 25036 --- [restartedMain] o.hibernate.annotations.common.Version   : HCANN000001: Hibernate Commons Annotations {5.1.2.Final}
2022-05-19 23:52:46.822  INFO [,,] 25036 --- [restartedMain] org.hibernate.dialect.Dialect            : HHH000400: Using dialect: org.hibernate.dialect.H2Dialect
2022-05-19 23:52:47.229  INFO [,,] 25036 --- [restartedMain] o.h.e.t.j.p.i.JtaPlatformInitiator       : HHH000490: Using JtaPlatform implementation: [org.hibernate.engine.transaction.jta.platform.internal.NoJtaPlatform]
2022-05-19 23:52:47.257  INFO [,,] 25036 --- [restartedMain] j.LocalContainerEntityManagerFactoryBean : Initialized JPA EntityManagerFactory for persistence unit 'default'
2022-05-19 23:52:47.359  WARN [,,] 25036 --- [restartedMain] o.s.b.d.a.OptionalLiveReloadServer       : Unable to start LiveReload server
2022-05-19 23:52:47.657  WARN [,,] 25036 --- [restartedMain] JpaBaseConfiguration$JpaWebConfiguration : spring.jpa.open-in-view is enabled by default. Therefore, database queries may be performed during view rendering. Explicitly configure spring.jpa.open-in-view to disable this warning
2022-05-19 23:52:50.216  INFO [,,] 25036 --- [restartedMain] o.s.b.w.embedded.tomcat.TomcatWebServer  : Tomcat started on port(s): 9085 (http) with context path ''
2022-05-19 23:52:50.325  INFO [,,] 25036 --- [restartedMain] d.s.w.p.DocumentationPluginsBootstrapper : Context refreshed
2022-05-19 23:52:50.353  INFO [,,] 25036 --- [restartedMain] d.s.w.p.DocumentationPluginsBootstrapper : Found 1 custom documentation plugin(s)
2022-05-19 23:52:50.377  INFO [,,] 25036 --- [restartedMain] s.d.s.w.s.ApiListingReferenceScanner     : Scanning for api listing references
2022-05-19 23:52:50.655  INFO [,,] 25036 --- [restartedMain] c.c.PensionManagementPortalApplication   : Started PensionManagementPortalApplication in 11.009 seconds (JVM running for 12.071)
2022-05-19 23:54:05.634  INFO [,,] 25036 --- [http-nio-9085-exec-1] o.a.c.c.C.[Tomcat].[localhost].[/]       : Initializing Spring DispatcherServlet 'dispatcherServlet'
2022-05-19 23:54:05.634  INFO [,,] 25036 --- [http-nio-9085-exec-1] o.s.web.servlet.DispatcherServlet        : Initializing Servlet 'dispatcherServlet'
2022-05-19 23:54:05.636  INFO [,,] 25036 --- [http-nio-9085-exec-1] o.s.web.servlet.DispatcherServlet        : Completed initialization in 2 ms
2022-05-19 23:54:05.883  INFO [,f9c750817093aca5,f9c750817093aca5] 25036 --- [http-nio-9085-exec-1] c.c.controller.PensionController         : STARTED - doLogin
2022-05-19 23:54:06.930  INFO [,f9c750817093aca5,f9c750817093aca5] 25036 --- [http-nio-9085-exec-1] c.c.controller.PensionController         : END - doLogin
2022-05-19 23:54:07.599  INFO [,fc5a80d13a021708,fc5a80d13a021708] 25036 --- [http-nio-9085-exec-2] c.c.controller.PensionController         : STARTED - allDetail
2022-05-19 23:54:08.388  INFO [,fc5a80d13a021708,fc5a80d13a021708] 25036 --- [http-nio-9085-exec-2] c.c.controller.PensionController         : END - allDetail
2022-05-19 23:55:08.487  INFO [,7bd9670e4e3e3f4b,7bd9670e4e3e3f4b] 25036 --- [http-nio-9085-exec-6] c.c.controller.PensionController         : STARTED - getPensionDetail
2022-05-19 23:55:08.871  INFO [,7bd9670e4e3e3f4b,7bd9670e4e3e3f4b] 25036 --- [http-nio-9085-exec-6] c.c.controller.PensionController         : END - getPensionDetail
2022-05-19 23:57:31.727  INFO [,08b5bc0cf102d9e9,08b5bc0cf102d9e9] 25036 --- [http-nio-9085-exec-8] c.c.controller.PensionController         : STARTED - getStatusCode
2022-05-19 23:57:31.755  INFO [,08b5bc0cf102d9e9,08b5bc0cf102d9e9] 25036 --- [http-nio-9085-exec-8] c.c.controller.PensionController         : END - getStatusCode
2022-05-19 23:58:07.411  INFO [,d4b8f4b260969d1b,d4b8f4b260969d1b] 25036 --- [http-nio-9085-exec-1] c.c.controller.PensionController         : STARTED - getStatusCode
2022-05-19 23:58:07.431  INFO [,d4b8f4b260969d1b,d4b8f4b260969d1b] 25036 --- [http-nio-9085-exec-1] c.c.controller.PensionController         : END - getStatusCode
2022-05-19 23:58:16.543  INFO [,77d3a03f5b4f889b,77d3a03f5b4f889b] 25036 --- [http-nio-9085-exec-4] c.c.controller.PensionController         : STARTED - getStatusCode
2022-05-19 23:58:16.562  INFO [,77d3a03f5b4f889b,77d3a03f5b4f889b] 25036 --- [http-nio-9085-exec-4] c.c.controller.PensionController         : END - getStatusCode
