2022-05-19 23:15:05.192  INFO [ProcessPensionService,,] 24304 --- [restartedMain] .c.ProcessPensionMicroserviceApplication : Starting ProcessPensionMicroserviceApplication using Java 15.0.2 on LTIN300273 with PID 24304 (C:\Users\893891\saibackend\PensionManagementSystem-master (1)\PensionManagementSystem-master\process-pension-microservice\target\classes started by 893891 in C:\Users\893891\saibackend\PensionManagementSystem-master (1)\PensionManagementSystem-master\process-pension-microservice)
2022-05-19 23:15:05.215  INFO [ProcessPensionService,,] 24304 --- [restartedMain] .c.ProcessPensionMicroserviceApplication : No active profile set, falling back to default profiles: default
2022-05-19 23:15:05.332  INFO [ProcessPensionService,,] 24304 --- [restartedMain] .e.DevToolsPropertyDefaultsPostProcessor : Devtools property defaults active! Set 'spring.devtools.add-properties' to 'false' to disable
2022-05-19 23:15:05.333  INFO [ProcessPensionService,,] 24304 --- [restartedMain] .e.DevToolsPropertyDefaultsPostProcessor : For additional web related logging consider setting the 'logging.level.web' property to 'DEBUG'
2022-05-19 23:15:07.293  INFO [ProcessPensionService,,] 24304 --- [restartedMain] .s.d.r.c.RepositoryConfigurationDelegate : Bootstrapping Spring Data JPA repositories in DEFAULT mode.
2022-05-19 23:15:07.424  INFO [ProcessPensionService,,] 24304 --- [restartedMain] .s.d.r.c.RepositoryConfigurationDelegate : Finished Spring Data repository scanning in 112 ms. Found 1 JPA repository interfaces.
2022-05-19 23:15:08.129  INFO [ProcessPensionService,,] 24304 --- [restartedMain] o.s.cloud.context.scope.GenericScope     : BeanFactory id=aedbabc9-619a-3221-8f27-00d06022321f
2022-05-19 23:15:09.730  INFO [ProcessPensionService,,] 24304 --- [restartedMain] o.s.b.w.embedded.tomcat.TomcatWebServer  : Tomcat initialized with port(s): 9084 (http)
2022-05-19 23:15:09.751  INFO [ProcessPensionService,,] 24304 --- [restartedMain] o.apache.catalina.core.StandardService   : Starting service [Tomcat]
2022-05-19 23:15:09.752  INFO [ProcessPensionService,,] 24304 --- [restartedMain] org.apache.catalina.core.StandardEngine  : Starting Servlet engine: [Apache Tomcat/9.0.50]
2022-05-19 23:15:10.306  INFO [ProcessPensionService,,] 24304 --- [restartedMain] o.a.c.c.C.[Tomcat].[localhost].[/]       : Initializing Spring embedded WebApplicationContext
2022-05-19 23:15:10.307  INFO [ProcessPensionService,,] 24304 --- [restartedMain] w.s.c.ServletWebServerApplicationContext : Root WebApplicationContext: initialization completed in 4974 ms
2022-05-19 23:15:10.414  INFO [ProcessPensionService,,] 24304 --- [restartedMain] com.zaxxer.hikari.HikariDataSource       : HikariPool-1 - Starting...
2022-05-19 23:15:10.772  INFO [ProcessPensionService,,] 24304 --- [restartedMain] com.zaxxer.hikari.HikariDataSource       : HikariPool-1 - Start completed.
2022-05-19 23:15:10.781  INFO [ProcessPensionService,,] 24304 --- [restartedMain] o.s.b.a.h2.H2ConsoleAutoConfiguration    : H2 console available at '/h2-console'. Database available at 'jdbc:h2:mem:testDB'
2022-05-19 23:15:11.596  INFO [ProcessPensionService,,] 24304 --- [restartedMain] o.hibernate.jpa.internal.util.LogHelper  : HHH000204: Processing PersistenceUnitInfo [name: default]
2022-05-19 23:15:11.722  INFO [ProcessPensionService,,] 24304 --- [restartedMain] org.hibernate.Version                    : HHH000412: Hibernate ORM core version 5.4.32.Final
2022-05-19 23:15:12.061  INFO [ProcessPensionService,,] 24304 --- [restartedMain] o.hibernate.annotations.common.Version   : HCANN000001: Hibernate Commons Annotations {5.1.2.Final}
2022-05-19 23:15:12.324  INFO [ProcessPensionService,,] 24304 --- [restartedMain] org.hibernate.dialect.Dialect            : HHH000400: Using dialect: org.hibernate.dialect.H2Dialect
2022-05-19 23:15:13.361  INFO [ProcessPensionService,,] 24304 --- [restartedMain] o.h.e.t.j.p.i.JtaPlatformInitiator       : HHH000490: Using JtaPlatform implementation: [org.hibernate.engine.transaction.jta.platform.internal.NoJtaPlatform]
2022-05-19 23:15:13.375  INFO [ProcessPensionService,,] 24304 --- [restartedMain] j.LocalContainerEntityManagerFactoryBean : Initialized JPA EntityManagerFactory for persistence unit 'default'
2022-05-19 23:15:13.460  WARN [ProcessPensionService,,] 24304 --- [restartedMain] o.s.b.d.a.OptionalLiveReloadServer       : Unable to start LiveReload server
2022-05-19 23:15:13.746  WARN [ProcessPensionService,,] 24304 --- [restartedMain] JpaBaseConfiguration$JpaWebConfiguration : spring.jpa.open-in-view is enabled by default. Therefore, database queries may be performed during view rendering. Explicitly configure spring.jpa.open-in-view to disable this warning
2022-05-19 23:15:16.301  INFO [ProcessPensionService,,] 24304 --- [restartedMain] o.s.b.w.embedded.tomcat.TomcatWebServer  : Tomcat started on port(s): 9084 (http) with context path ''
2022-05-19 23:15:16.403  INFO [ProcessPensionService,,] 24304 --- [restartedMain] d.s.w.p.DocumentationPluginsBootstrapper : Context refreshed
2022-05-19 23:15:16.430  INFO [ProcessPensionService,,] 24304 --- [restartedMain] d.s.w.p.DocumentationPluginsBootstrapper : Found 1 custom documentation plugin(s)
2022-05-19 23:15:16.446  INFO [ProcessPensionService,,] 24304 --- [restartedMain] s.d.s.w.s.ApiListingReferenceScanner     : Scanning for api listing references
2022-05-19 23:15:16.683  INFO [ProcessPensionService,,] 24304 --- [restartedMain] .c.ProcessPensionMicroserviceApplication : Started ProcessPensionMicroserviceApplication in 12.321 seconds (JVM running for 13.309)
2022-05-19 23:19:01.168  INFO [ProcessPensionService,,] 24304 --- [http-nio-9084-exec-1] o.a.c.c.C.[Tomcat].[localhost].[/]       : Initializing Spring DispatcherServlet 'dispatcherServlet'
2022-05-19 23:19:01.169  INFO [ProcessPensionService,,] 24304 --- [http-nio-9084-exec-1] o.s.web.servlet.DispatcherServlet        : Initializing Servlet 'dispatcherServlet'
2022-05-19 23:19:01.170  INFO [ProcessPensionService,,] 24304 --- [http-nio-9084-exec-1] o.s.web.servlet.DispatcherServlet        : Completed initialization in 1 ms
2022-05-19 23:19:01.220  INFO [ProcessPensionService,f52863c3734d1936,749a9c8629e40ce4] 24304 --- [http-nio-9084-exec-1] c.c.controller.ProcessPensionController  : STARTED - allDetail
2022-05-19 23:19:01.750  INFO [ProcessPensionService,f52863c3734d1936,749a9c8629e40ce4] 24304 --- [http-nio-9084-exec-1] c.c.controller.ProcessPensionController  : END - allDetail
2022-05-19 23:19:39.341  INFO [ProcessPensionService,badf5bf9dbf3977b,d8ea503177afa38d] 24304 --- [http-nio-9084-exec-2] c.c.controller.ProcessPensionController  : STARTED - allDetail
2022-05-19 23:19:39.357  INFO [ProcessPensionService,badf5bf9dbf3977b,d8ea503177afa38d] 24304 --- [http-nio-9084-exec-2] c.c.controller.ProcessPensionController  : END - allDetail
2022-05-19 23:23:18.313  INFO [ProcessPensionService,840e793d0307e109,f636675ddd935b36] 24304 --- [http-nio-9084-exec-4] c.c.controller.ProcessPensionController  : STARTED - allDetail
2022-05-19 23:23:18.461 ERROR [ProcessPensionService,840e793d0307e109,f636675ddd935b36] 24304 --- [http-nio-9084-exec-4] c.c.controller.ProcessPensionController  : EXCEPTION - allDetail
2022-05-19 23:23:18.463  INFO [ProcessPensionService,840e793d0307e109,f636675ddd935b36] 24304 --- [http-nio-9084-exec-4] c.c.exception.ControllerAdviceClass      : START
2022-05-19 23:23:18.464  INFO [ProcessPensionService,840e793d0307e109,f636675ddd935b36] 24304 --- [http-nio-9084-exec-4] c.c.exception.ControllerAdviceClass      : END
2022-05-19 23:23:18.473  WARN [ProcessPensionService,840e793d0307e109,f636675ddd935b36] 24304 --- [http-nio-9084-exec-4] .m.m.a.ExceptionHandlerExceptionResolver : Resolved [com.cognizant.exception.ProcessPensionException: Pensioner Detail not coreect]
2022-05-19 23:23:18.579  INFO [ProcessPensionService,7c51f0d8ad76dbda,ab328a5884d8a879] 24304 --- [http-nio-9084-exec-5] c.c.controller.ProcessPensionController  : STARTED - allDetail
2022-05-19 23:23:18.608 ERROR [ProcessPensionService,7c51f0d8ad76dbda,ab328a5884d8a879] 24304 --- [http-nio-9084-exec-5] c.c.controller.ProcessPensionController  : EXCEPTION - allDetail
2022-05-19 23:23:18.608  INFO [ProcessPensionService,7c51f0d8ad76dbda,ab328a5884d8a879] 24304 --- [http-nio-9084-exec-5] c.c.exception.ControllerAdviceClass      : START
2022-05-19 23:23:18.608  INFO [ProcessPensionService,7c51f0d8ad76dbda,ab328a5884d8a879] 24304 --- [http-nio-9084-exec-5] c.c.exception.ControllerAdviceClass      : END
2022-05-19 23:23:18.610  WARN [ProcessPensionService,7c51f0d8ad76dbda,ab328a5884d8a879] 24304 --- [http-nio-9084-exec-5] .m.m.a.ExceptionHandlerExceptionResolver : Resolved [com.cognizant.exception.ProcessPensionException: Pensioner Detail not coreect]
2022-05-19 23:26:26.438  INFO [ProcessPensionService,82669a7e8647d108,3fccd88a8ef0e022] 24304 --- [http-nio-9084-exec-7] c.c.controller.ProcessPensionController  : STARTED - allDetail
2022-05-19 23:26:26.469  INFO [ProcessPensionService,82669a7e8647d108,3fccd88a8ef0e022] 24304 --- [http-nio-9084-exec-7] c.c.service.ProcessPensionService        : STARTED - getPensionDetail
2022-05-19 23:26:26.470  INFO [ProcessPensionService,82669a7e8647d108,3fccd88a8ef0e022] 24304 --- [http-nio-9084-exec-7] c.c.service.ProcessPensionService        : END - getPensionDetail
2022-05-19 23:26:26.470  INFO [ProcessPensionService,82669a7e8647d108,3fccd88a8ef0e022] 24304 --- [http-nio-9084-exec-7] c.c.controller.ProcessPensionController  : END - allDetail
2022-05-19 23:26:26.470  INFO [ProcessPensionService,82669a7e8647d108,3fccd88a8ef0e022] 24304 --- [http-nio-9084-exec-7] c.c.service.ProcessPensionService        : STARTED - savePensionDetail
2022-05-19 23:26:26.470  INFO [ProcessPensionService,82669a7e8647d108,3fccd88a8ef0e022] 24304 --- [http-nio-9084-exec-7] c.c.service.ProcessPensionService        : END - savePensionDetail
2022-05-19 23:41:51.126  INFO [ProcessPensionService,d3936cc84733090c,9d43aa3f955fcc03] 24304 --- [http-nio-9084-exec-9] c.c.controller.ProcessPensionController  : STARTED - allDetail
2022-05-19 23:41:51.146  INFO [ProcessPensionService,d3936cc84733090c,9d43aa3f955fcc03] 24304 --- [http-nio-9084-exec-9] c.c.controller.ProcessPensionController  : END - allDetail
2022-05-19 23:41:55.746  INFO [ProcessPensionService,14605ab2142feedf,cf59911880dfa35b] 24304 --- [http-nio-9084-exec-10] c.c.controller.ProcessPensionController  : STARTED - allDetail
2022-05-19 23:41:55.769  INFO [ProcessPensionService,14605ab2142feedf,cf59911880dfa35b] 24304 --- [http-nio-9084-exec-10] c.c.controller.ProcessPensionController  : END - allDetail
2022-05-19 23:45:22.935  INFO [ProcessPensionService,,] 12076 --- [restartedMain] .c.ProcessPensionMicroserviceApplication : Starting ProcessPensionMicroserviceApplication using Java 15.0.2 on LTIN300273 with PID 12076 (C:\Users\893891\saibackend\PensionManagementSystem-master (1)\PensionManagementSystem-master\process-pension-microservice\target\classes started by 893891 in C:\Users\893891\saibackend\PensionManagementSystem-master (1)\PensionManagementSystem-master\process-pension-microservice)
2022-05-19 23:45:22.940  INFO [ProcessPensionService,,] 12076 --- [restartedMain] .c.ProcessPensionMicroserviceApplication : No active profile set, falling back to default profiles: default
2022-05-19 23:45:23.037  INFO [ProcessPensionService,,] 12076 --- [restartedMain] .e.DevToolsPropertyDefaultsPostProcessor : Devtools property defaults active! Set 'spring.devtools.add-properties' to 'false' to disable
2022-05-19 23:45:23.037  INFO [ProcessPensionService,,] 12076 --- [restartedMain] .e.DevToolsPropertyDefaultsPostProcessor : For additional web related logging consider setting the 'logging.level.web' property to 'DEBUG'
2022-05-19 23:45:24.930  INFO [ProcessPensionService,,] 12076 --- [restartedMain] .s.d.r.c.RepositoryConfigurationDelegate : Bootstrapping Spring Data JPA repositories in DEFAULT mode.
2022-05-19 23:45:25.031  INFO [ProcessPensionService,,] 12076 --- [restartedMain] .s.d.r.c.RepositoryConfigurationDelegate : Finished Spring Data repository scanning in 84 ms. Found 1 JPA repository interfaces.
2022-05-19 23:45:25.589  INFO [ProcessPensionService,,] 12076 --- [restartedMain] o.s.cloud.context.scope.GenericScope     : BeanFactory id=aedbabc9-619a-3221-8f27-00d06022321f
2022-05-19 23:45:27.114  INFO [ProcessPensionService,,] 12076 --- [restartedMain] o.s.b.w.embedded.tomcat.TomcatWebServer  : Tomcat initialized with port(s): 9084 (http)
2022-05-19 23:45:27.132  INFO [ProcessPensionService,,] 12076 --- [restartedMain] o.apache.catalina.core.StandardService   : Starting service [Tomcat]
2022-05-19 23:45:27.133  INFO [ProcessPensionService,,] 12076 --- [restartedMain] org.apache.catalina.core.StandardEngine  : Starting Servlet engine: [Apache Tomcat/9.0.50]
2022-05-19 23:45:27.322  INFO [ProcessPensionService,,] 12076 --- [restartedMain] o.a.c.c.C.[Tomcat].[localhost].[/]       : Initializing Spring embedded WebApplicationContext
2022-05-19 23:45:27.323  INFO [ProcessPensionService,,] 12076 --- [restartedMain] w.s.c.ServletWebServerApplicationContext : Root WebApplicationContext: initialization completed in 4285 ms
2022-05-19 23:45:27.438  INFO [ProcessPensionService,,] 12076 --- [restartedMain] com.zaxxer.hikari.HikariDataSource       : HikariPool-1 - Starting...
2022-05-19 23:45:27.777  INFO [ProcessPensionService,,] 12076 --- [restartedMain] com.zaxxer.hikari.HikariDataSource       : HikariPool-1 - Start completed.
2022-05-19 23:45:27.793  INFO [ProcessPensionService,,] 12076 --- [restartedMain] o.s.b.a.h2.H2ConsoleAutoConfiguration    : H2 console available at '/h2-console'. Database available at 'jdbc:h2:mem:testDB'
2022-05-19 23:45:28.496  INFO [ProcessPensionService,,] 12076 --- [restartedMain] o.hibernate.jpa.internal.util.LogHelper  : HHH000204: Processing PersistenceUnitInfo [name: default]
2022-05-19 23:45:28.574  INFO [ProcessPensionService,,] 12076 --- [restartedMain] org.hibernate.Version                    : HHH000412: Hibernate ORM core version 5.4.32.Final
2022-05-19 23:45:28.792  INFO [ProcessPensionService,,] 12076 --- [restartedMain] o.hibernate.annotations.common.Version   : HCANN000001: Hibernate Commons Annotations {5.1.2.Final}
2022-05-19 23:45:29.007  INFO [ProcessPensionService,,] 12076 --- [restartedMain] org.hibernate.dialect.Dialect            : HHH000400: Using dialect: org.hibernate.dialect.H2Dialect
2022-05-19 23:45:29.895  INFO [ProcessPensionService,,] 12076 --- [restartedMain] o.h.e.t.j.p.i.JtaPlatformInitiator       : HHH000490: Using JtaPlatform implementation: [org.hibernate.engine.transaction.jta.platform.internal.NoJtaPlatform]
2022-05-19 23:45:29.908  INFO [ProcessPensionService,,] 12076 --- [restartedMain] j.LocalContainerEntityManagerFactoryBean : Initialized JPA EntityManagerFactory for persistence unit 'default'
2022-05-19 23:45:29.998  WARN [ProcessPensionService,,] 12076 --- [restartedMain] o.s.b.d.a.OptionalLiveReloadServer       : Unable to start LiveReload server
2022-05-19 23:45:30.250  WARN [ProcessPensionService,,] 12076 --- [restartedMain] JpaBaseConfiguration$JpaWebConfiguration : spring.jpa.open-in-view is enabled by default. Therefore, database queries may be performed during view rendering. Explicitly configure spring.jpa.open-in-view to disable this warning
2022-05-19 23:45:32.714  INFO [ProcessPensionService,,] 12076 --- [restartedMain] o.s.b.w.embedded.tomcat.TomcatWebServer  : Tomcat started on port(s): 9084 (http) with context path ''
2022-05-19 23:45:32.829  INFO [ProcessPensionService,,] 12076 --- [restartedMain] d.s.w.p.DocumentationPluginsBootstrapper : Context refreshed
2022-05-19 23:45:32.858  INFO [ProcessPensionService,,] 12076 --- [restartedMain] d.s.w.p.DocumentationPluginsBootstrapper : Found 1 custom documentation plugin(s)
2022-05-19 23:45:32.876  INFO [ProcessPensionService,,] 12076 --- [restartedMain] s.d.s.w.s.ApiListingReferenceScanner     : Scanning for api listing references
2022-05-19 23:45:33.074  INFO [ProcessPensionService,,] 12076 --- [restartedMain] .c.ProcessPensionMicroserviceApplication : Started ProcessPensionMicroserviceApplication in 10.946 seconds (JVM running for 11.837)
2022-05-19 23:45:43.957  INFO [ProcessPensionService,,] 12076 --- [http-nio-9084-exec-1] o.a.c.c.C.[Tomcat].[localhost].[/]       : Initializing Spring DispatcherServlet 'dispatcherServlet'
2022-05-19 23:45:43.958  INFO [ProcessPensionService,,] 12076 --- [http-nio-9084-exec-1] o.s.web.servlet.DispatcherServlet        : Initializing Servlet 'dispatcherServlet'
2022-05-19 23:45:43.960  INFO [ProcessPensionService,,] 12076 --- [http-nio-9084-exec-1] o.s.web.servlet.DispatcherServlet        : Completed initialization in 2 ms
2022-05-19 23:45:44.000  INFO [ProcessPensionService,65edefcf25acf37d,891bfc695e2eabbe] 12076 --- [http-nio-9084-exec-1] c.c.controller.ProcessPensionController  : STARTED - allDetail
2022-05-19 23:45:44.566  INFO [ProcessPensionService,65edefcf25acf37d,891bfc695e2eabbe] 12076 --- [http-nio-9084-exec-1] c.c.controller.ProcessPensionController  : END - allDetail
2022-05-19 23:45:46.880  INFO [ProcessPensionService,58b91059066d759a,e689f9181ab09881] 12076 --- [http-nio-9084-exec-2] c.c.controller.ProcessPensionController  : STARTED - allDetail
2022-05-19 23:45:46.908  INFO [ProcessPensionService,58b91059066d759a,e689f9181ab09881] 12076 --- [http-nio-9084-exec-2] c.c.controller.ProcessPensionController  : END - allDetail
2022-05-19 23:45:48.564  INFO [ProcessPensionService,904dcf749f8f5379,18d76efd0a95d395] 12076 --- [http-nio-9084-exec-3] c.c.controller.ProcessPensionController  : STARTED - allDetail
2022-05-19 23:45:48.591  INFO [ProcessPensionService,904dcf749f8f5379,18d76efd0a95d395] 12076 --- [http-nio-9084-exec-3] c.c.controller.ProcessPensionController  : END - allDetail
2022-05-19 23:47:09.688  INFO [ProcessPensionService,42d2494ba22de554,6171cf8cd4606da2] 12076 --- [http-nio-9084-exec-5] c.c.controller.ProcessPensionController  : STARTED - allDetail
2022-05-19 23:47:09.708  INFO [ProcessPensionService,42d2494ba22de554,6171cf8cd4606da2] 12076 --- [http-nio-9084-exec-5] c.c.controller.ProcessPensionController  : END - allDetail
2022-05-19 23:47:16.730  INFO [ProcessPensionService,a37fc95c85f317c4,9dea78e82652d231] 12076 --- [http-nio-9084-exec-6] c.c.controller.ProcessPensionController  : STARTED - allDetail
2022-05-19 23:47:16.755  INFO [ProcessPensionService,a37fc95c85f317c4,9dea78e82652d231] 12076 --- [http-nio-9084-exec-6] c.c.controller.ProcessPensionController  : END - allDetail
2022-05-19 23:52:57.081  INFO [ProcessPensionService,,] 4836 --- [restartedMain] .c.ProcessPensionMicroserviceApplication : Starting ProcessPensionMicroserviceApplication using Java 15.0.2 on LTIN300273 with PID 4836 (C:\Users\893891\saibackend\PensionManagementSystem-master (1)\PensionManagementSystem-master\process-pension-microservice\target\classes started by 893891 in C:\Users\893891\saibackend\PensionManagementSystem-master (1)\PensionManagementSystem-master\process-pension-microservice)
2022-05-19 23:52:57.086  INFO [ProcessPensionService,,] 4836 --- [restartedMain] .c.ProcessPensionMicroserviceApplication : No active profile set, falling back to default profiles: default
2022-05-19 23:52:57.274  INFO [ProcessPensionService,,] 4836 --- [restartedMain] .e.DevToolsPropertyDefaultsPostProcessor : Devtools property defaults active! Set 'spring.devtools.add-properties' to 'false' to disable
2022-05-19 23:52:57.275  INFO [ProcessPensionService,,] 4836 --- [restartedMain] .e.DevToolsPropertyDefaultsPostProcessor : For additional web related logging consider setting the 'logging.level.web' property to 'DEBUG'
2022-05-19 23:52:59.185  INFO [ProcessPensionService,,] 4836 --- [restartedMain] .s.d.r.c.RepositoryConfigurationDelegate : Bootstrapping Spring Data JPA repositories in DEFAULT mode.
2022-05-19 23:52:59.274  INFO [ProcessPensionService,,] 4836 --- [restartedMain] .s.d.r.c.RepositoryConfigurationDelegate : Finished Spring Data repository scanning in 75 ms. Found 1 JPA repository interfaces.
2022-05-19 23:52:59.884  INFO [ProcessPensionService,,] 4836 --- [restartedMain] o.s.cloud.context.scope.GenericScope     : BeanFactory id=aedbabc9-619a-3221-8f27-00d06022321f
2022-05-19 23:53:01.730  INFO [ProcessPensionService,,] 4836 --- [restartedMain] o.s.b.w.embedded.tomcat.TomcatWebServer  : Tomcat initialized with port(s): 9084 (http)
2022-05-19 23:53:01.750  INFO [ProcessPensionService,,] 4836 --- [restartedMain] o.apache.catalina.core.StandardService   : Starting service [Tomcat]
2022-05-19 23:53:01.751  INFO [ProcessPensionService,,] 4836 --- [restartedMain] org.apache.catalina.core.StandardEngine  : Starting Servlet engine: [Apache Tomcat/9.0.50]
2022-05-19 23:53:01.946  INFO [ProcessPensionService,,] 4836 --- [restartedMain] o.a.c.c.C.[Tomcat].[localhost].[/]       : Initializing Spring embedded WebApplicationContext
2022-05-19 23:53:01.946  INFO [ProcessPensionService,,] 4836 --- [restartedMain] w.s.c.ServletWebServerApplicationContext : Root WebApplicationContext: initialization completed in 4670 ms
2022-05-19 23:53:02.084  INFO [ProcessPensionService,,] 4836 --- [restartedMain] com.zaxxer.hikari.HikariDataSource       : HikariPool-1 - Starting...
2022-05-19 23:53:02.444  INFO [ProcessPensionService,,] 4836 --- [restartedMain] com.zaxxer.hikari.HikariDataSource       : HikariPool-1 - Start completed.
2022-05-19 23:53:02.458  INFO [ProcessPensionService,,] 4836 --- [restartedMain] o.s.b.a.h2.H2ConsoleAutoConfiguration    : H2 console available at '/h2-console'. Database available at 'jdbc:h2:mem:testDB'
2022-05-19 23:53:03.389  INFO [ProcessPensionService,,] 4836 --- [restartedMain] o.hibernate.jpa.internal.util.LogHelper  : HHH000204: Processing PersistenceUnitInfo [name: default]
2022-05-19 23:53:03.501  INFO [ProcessPensionService,,] 4836 --- [restartedMain] org.hibernate.Version                    : HHH000412: Hibernate ORM core version 5.4.32.Final
2022-05-19 23:53:03.843  INFO [ProcessPensionService,,] 4836 --- [restartedMain] o.hibernate.annotations.common.Version   : HCANN000001: Hibernate Commons Annotations {5.1.2.Final}
2022-05-19 23:53:04.102  INFO [ProcessPensionService,,] 4836 --- [restartedMain] org.hibernate.dialect.Dialect            : HHH000400: Using dialect: org.hibernate.dialect.H2Dialect
2022-05-19 23:53:05.118  INFO [ProcessPensionService,,] 4836 --- [restartedMain] o.h.e.t.j.p.i.JtaPlatformInitiator       : HHH000490: Using JtaPlatform implementation: [org.hibernate.engine.transaction.jta.platform.internal.NoJtaPlatform]
2022-05-19 23:53:05.133  INFO [ProcessPensionService,,] 4836 --- [restartedMain] j.LocalContainerEntityManagerFactoryBean : Initialized JPA EntityManagerFactory for persistence unit 'default'
2022-05-19 23:53:05.225  WARN [ProcessPensionService,,] 4836 --- [restartedMain] o.s.b.d.a.OptionalLiveReloadServer       : Unable to start LiveReload server
2022-05-19 23:53:05.569  WARN [ProcessPensionService,,] 4836 --- [restartedMain] JpaBaseConfiguration$JpaWebConfiguration : spring.jpa.open-in-view is enabled by default. Therefore, database queries may be performed during view rendering. Explicitly configure spring.jpa.open-in-view to disable this warning
2022-05-19 23:53:09.353  INFO [ProcessPensionService,,] 4836 --- [restartedMain] o.s.b.w.embedded.tomcat.TomcatWebServer  : Tomcat started on port(s): 9084 (http) with context path ''
2022-05-19 23:53:09.499  INFO [ProcessPensionService,,] 4836 --- [restartedMain] d.s.w.p.DocumentationPluginsBootstrapper : Context refreshed
2022-05-19 23:53:09.541  INFO [ProcessPensionService,,] 4836 --- [restartedMain] d.s.w.p.DocumentationPluginsBootstrapper : Found 1 custom documentation plugin(s)
2022-05-19 23:53:09.565  INFO [ProcessPensionService,,] 4836 --- [restartedMain] s.d.s.w.s.ApiListingReferenceScanner     : Scanning for api listing references
2022-05-19 23:53:09.834  INFO [ProcessPensionService,,] 4836 --- [restartedMain] .c.ProcessPensionMicroserviceApplication : Started ProcessPensionMicroserviceApplication in 13.664 seconds (JVM running for 14.847)
2022-05-19 23:54:07.700  INFO [ProcessPensionService,,] 4836 --- [http-nio-9084-exec-3] o.a.c.c.C.[Tomcat].[localhost].[/]       : Initializing Spring DispatcherServlet 'dispatcherServlet'
2022-05-19 23:54:07.701  INFO [ProcessPensionService,,] 4836 --- [http-nio-9084-exec-3] o.s.web.servlet.DispatcherServlet        : Initializing Servlet 'dispatcherServlet'
2022-05-19 23:54:07.705  INFO [ProcessPensionService,,] 4836 --- [http-nio-9084-exec-3] o.s.web.servlet.DispatcherServlet        : Completed initialization in 3 ms
2022-05-19 23:54:07.765  INFO [ProcessPensionService,fc5a80d13a021708,3879a34b64826f12] 4836 --- [http-nio-9084-exec-3] c.c.controller.ProcessPensionController  : STARTED - allDetail
2022-05-19 23:54:08.332  INFO [ProcessPensionService,fc5a80d13a021708,3879a34b64826f12] 4836 --- [http-nio-9084-exec-3] c.c.controller.ProcessPensionController  : END - allDetail
2022-05-19 23:55:08.615  INFO [ProcessPensionService,7bd9670e4e3e3f4b,d68fd790db00ee97] 4836 --- [http-nio-9084-exec-1] c.c.controller.ProcessPensionController  : STARTED - allDetail
2022-05-19 23:55:08.732  INFO [ProcessPensionService,7bd9670e4e3e3f4b,d68fd790db00ee97] 4836 --- [http-nio-9084-exec-1] c.c.service.ProcessPensionService        : STARTED - getPensionDetail
2022-05-19 23:55:08.733  INFO [ProcessPensionService,7bd9670e4e3e3f4b,d68fd790db00ee97] 4836 --- [http-nio-9084-exec-1] c.c.service.ProcessPensionService        : END - getPensionDetail
2022-05-19 23:55:08.734  INFO [ProcessPensionService,7bd9670e4e3e3f4b,d68fd790db00ee97] 4836 --- [http-nio-9084-exec-1] c.c.controller.ProcessPensionController  : END - allDetail
2022-05-19 23:55:08.734  INFO [ProcessPensionService,7bd9670e4e3e3f4b,d68fd790db00ee97] 4836 --- [http-nio-9084-exec-1] c.c.service.ProcessPensionService        : STARTED - savePensionDetail
2022-05-19 23:55:08.734  INFO [ProcessPensionService,7bd9670e4e3e3f4b,d68fd790db00ee97] 4836 --- [http-nio-9084-exec-1] c.c.service.ProcessPensionService        : END - savePensionDetail
